#                                                                                         --- full sequence ---- --- best 1 domain ---- --- domain number estimation ----
# target name                                  accession  query name           accession    E-value  score  bias   E-value  score  bias   exp reg clu  ov env dom rep inc description of target
#                          ------------------- ---------- -------------------- ---------- --------- ------ ----- --------- ------ -----   --- --- --- --- --- --- --- --- ---------------------
MARD_MMP00053329_REFG-scaffold_5-gene_340      -          Mn_catalase          PF05067.15  4.5e-131  447.5   0.0  5.4e-131  447.2   0.0   1.0   1   0   0   1   1   1   1 -
MARD_MMP09041732_REFG-scaffold_24-gene_52      -          Mn_catalase          PF05067.15  1.2e-130  446.1   0.0  1.4e-130  445.8   0.0   1.0   1   0   0   1   1   1   1 -
MARD_MMP00053329_REFG-scaffold_8-gene_296      -          Mn_catalase          PF05067.15  1.3e-130  446.0   0.0  1.6e-130  445.7   0.0   1.0   1   0   0   1   1   1   1 -
MARD_MMP02470933_REFG-scaffold_58-gene_2       -          Mn_catalase          PF05067.15  1.7e-125  429.2   0.2  2.1e-125  428.9   0.2   1.0   1   0   0   1   1   1   1 -
MARD_MMP00000371_REFG-scaffold_16-gene_29      -          Mn_catalase          PF05067.15  4.7e-124  424.5   0.0  5.5e-124  424.2   0.0   1.0   1   0   0   1   1   1   1 -
MARD_MMP09389114_REFG-scaffold_27-gene_16      -          Mn_catalase          PF05067.15  7.3e-123  420.5   0.0  8.8e-123  420.3   0.0   1.0   1   0   0   1   1   1   1 -
MARD_MMP05375008_REFG-scaffold_2-gene_38       -          Mn_catalase          PF05067.15  7.6e-123  420.5   0.0  9.3e-123  420.2   0.0   1.0   1   0   0   1   1   1   1 -
MARD_MMP07249151_REFG-scaffold_3-gene_325      -          Mn_catalase          PF05067.15  8.4e-123  420.3   0.0  9.8e-123  420.1   0.0   1.0   1   0   0   1   1   1   1 -
MARD_MMP07788960_REFG-scaffold_7-gene_73       -          Mn_catalase          PF05067.15  8.4e-123  420.3   0.0  9.8e-123  420.1   0.0   1.0   1   0   0   1   1   1   1 -
MARD_MMP00622969_REFG-scaffold_10-gene_177     -          Mn_catalase          PF05067.15  1.6e-121  416.2   0.0  1.8e-121  416.0   0.0   1.0   1   0   0   1   1   1   1 -
MARD_MMP07249100_REFG-scaffold_1-gene_2724     -          Mn_catalase          PF05067.15  3.2e-121  415.2   0.0  3.9e-121  414.9   0.0   1.0   1   0   0   1   1   1   1 -
MARD_MMP09932322_REFG-scaffold_118-gene_9      -          Mn_catalase          PF05067.15    5e-121  414.5   0.0  5.9e-121  414.3   0.0   1.0   1   0   0   1   1   1   1 -
MARD_MMP09932323_REFG-scaffold_11-gene_1224    -          Mn_catalase          PF05067.15  1.2e-120  413.3   0.0  1.4e-120  413.0   0.0   1.0   1   0   0   1   1   1   1 -
MARD_MMP09932323_REFG-scaffold_18-gene_618     -          Mn_catalase          PF05067.15  2.2e-119  409.1   0.1  2.7e-119  408.9   0.1   1.0   1   0   0   1   1   1   1 -
MARD_MMP09074692_REFG-scaffold_1-gene_800      -          Mn_catalase          PF05067.15  2.4e-119  409.0   0.0  2.7e-119  408.9   0.0   1.0   1   0   0   1   1   1   1 -
MARD_MMP08469618_REFG-scaffold_13-gene_85      -          Mn_catalase          PF05067.15  7.9e-119  407.3   0.0  9.5e-119  407.0   0.0   1.0   1   0   0   1   1   1   1 -
MARD_MMP04488054_REFG-scaffold_32-gene_107     -          Mn_catalase          PF05067.15  7.2e-117  400.9   0.1  8.2e-117  400.7   0.1   1.0   1   0   0   1   1   1   1 -
MARD_MMP00622969_REFG-scaffold_16-gene_108     -          Mn_catalase          PF05067.15  9.1e-117  400.5   0.0  1.1e-116  400.3   0.0   1.0   1   0   0   1   1   1   1 -
MARD_MMP07249151_REFG-scaffold_1-gene_74       -          Mn_catalase          PF05067.15  1.2e-113  390.3   0.0  1.4e-113  390.1   0.0   1.0   1   0   0   1   1   1   1 -
MARD_MMP07788960_REFG-scaffold_5-gene_305      -          Mn_catalase          PF05067.15  1.2e-113  390.3   0.0  1.4e-113  390.1   0.0   1.0   1   0   0   1   1   1   1 -
MARD_MMP07249100_REFG-scaffold_1-gene_2737     -          Mn_catalase          PF05067.15  1.1e-112  387.1   0.1  1.4e-112  386.8   0.1   1.0   1   0   0   1   1   1   1 -
MARD_MMP09041732_REFG-scaffold_203-gene_33     -          Mn_catalase          PF05067.15  2.4e-108  372.9   0.0    3e-108  372.6   0.0   1.0   1   0   0   1   1   1   1 -
MARD_MMP09708543_REFG-scaffold_1-gene_315      -          Mn_catalase          PF05067.15    5e-108  371.9   0.0  5.9e-108  371.6   0.0   1.0   1   0   0   1   1   1   1 -
MARD_MMP04488099_REFG-scaffold_18-gene_7       -          Mn_catalase          PF05067.15  9.7e-106  364.4   0.3  1.1e-105  364.2   0.3   1.0   1   0   0   1   1   1   1 -
MARD_MMP09708542_REFG-scaffold_12-gene_57      -          Mn_catalase          PF05067.15  6.7e-104  358.3   0.0  8.2e-104  358.0   0.0   1.0   1   0   0   1   1   1   1 -
MARD_MMP09901142_REFG-scaffold_34-gene_276     -          Mn_catalase          PF05067.15  8.6e-104  358.0   0.0  3.5e-103  355.9   0.0   1.7   1   1   0   1   1   1   1 -
MARD_MMP04488013_REFG-scaffold_13-gene_51      -          Mn_catalase          PF05067.15  8.6e-100  344.8   0.6  9.5e-100  344.7   0.6   1.0   1   0   0   1   1   1   1 -
TARA_SAMEA4396941_METAG-scaffold_18180-gene_3  -          Mn_catalase          PF05067.15   4.4e-99  342.5   0.0   4.1e-98  339.4   0.0   1.9   1   1   0   1   1   1   1 -
MARD_MMP08469618_REFG-scaffold_11-gene_471     -          Mn_catalase          PF05067.15   4.8e-99  342.4   0.0   5.3e-99  342.3   0.0   1.0   1   0   0   1   1   1   1 -
MARD_MMP09932322_REFG-scaffold_102-gene_28     -          Mn_catalase          PF05067.15   7.3e-99  341.8   0.0   8.1e-99  341.6   0.0   1.0   1   0   0   1   1   1   1 -
MARD_MMP09580375_REFG-scaffold_72-gene_26      -          Mn_catalase          PF05067.15     1e-97  338.0   0.0   1.8e-97  337.2   0.0   1.3   1   1   0   1   1   1   1 -
MARD_MMP05216342_REFG-scaffold_1-gene_1136     -          Mn_catalase          PF05067.15   3.1e-97  336.4   0.2   3.7e-97  336.2   0.2   1.0   1   0   0   1   1   1   1 -
MARD_MMP04487808_REFG-scaffold_10-gene_667     -          Mn_catalase          PF05067.15   3.5e-97  336.3   0.0   4.1e-97  336.1   0.0   1.0   1   0   0   1   1   1   1 -
MARD_MMP09510546_REFG-scaffold_447-gene_5      -          Mn_catalase          PF05067.15   7.8e-97  335.1   0.0   8.9e-97  335.0   0.0   1.0   1   0   0   1   1   1   1 -
MARD_MMP08794446_REFG-scaffold_109-gene_23     -          Mn_catalase          PF05067.15   9.8e-97  334.8   0.0   1.1e-96  334.7   0.0   1.0   1   0   0   1   1   1   1 -
MARD_MMP05421867_REFG-scaffold_32-gene_59      -          Mn_catalase          PF05067.15   1.9e-96  333.9   0.0   2.2e-96  333.7   0.0   1.0   1   0   0   1   1   1   1 -
MARD_MMP10231958_REFG-scaffold_135-gene_48     -          Mn_catalase          PF05067.15   2.3e-96  333.6   0.0   2.8e-96  333.3   0.0   1.0   1   0   0   1   1   1   1 -
MARD_MMP10231959_REFG-scaffold_35-gene_30      -          Mn_catalase          PF05067.15   5.2e-96  332.4   0.0   6.1e-96  332.2   0.0   1.0   1   0   0   1   1   1   1 -
MARD_MMP05284051_REFG-scaffold_4-gene_1003     -          Mn_catalase          PF05067.15   5.2e-96  332.4   0.0   6.3e-96  332.2   0.0   1.0   1   0   0   1   1   1   1 -
MARD_MMP02744645_REFG-scaffold_8-gene_245      -          Mn_catalase          PF05067.15   6.5e-96  332.1   0.0   7.8e-96  331.9   0.0   1.0   1   0   0   1   1   1   1 -
MARD_MMP10231957_REFG-scaffold_85-gene_11      -          Mn_catalase          PF05067.15   6.8e-96  332.0   0.0   8.1e-96  331.8   0.0   1.0   1   0   0   1   1   1   1 -
MARD_MMP09509804_REFG-scaffold_28-gene_13      -          Mn_catalase          PF05067.15   7.7e-96  331.9   0.0   8.4e-96  331.7   0.0   1.0   1   0   0   1   1   1   1 -
MARD_MMP06140193_REFG-scaffold_68-gene_125     -          Mn_catalase          PF05067.15     9e-96  331.7   0.0   9.9e-96  331.5   0.0   1.0   1   0   0   1   1   1   1 -
TARA_SAMEA2619992_METAG-scaffold_32-gene_252   -          Mn_catalase          PF05067.15   1.1e-95  331.4   0.0   1.2e-95  331.3   0.0   1.0   1   0   0   1   1   1   1 -
TARA_SAMEA2620120_METAG-scaffold_3561-gene_1   -          Mn_catalase          PF05067.15   1.1e-95  331.4   0.0   1.2e-95  331.3   0.0   1.0   1   0   0   1   1   1   1 -
TARA_SAMEA2620227_METAG-scaffold_3542-gene_2   -          Mn_catalase          PF05067.15   1.1e-95  331.4   0.0   1.2e-95  331.3   0.0   1.0   1   0   0   1   1   1   1 -
TARA_SAMEA2621099_METAG-scaffold_420-gene_26   -          Mn_catalase          PF05067.15   1.1e-95  331.4   0.0   1.2e-95  331.3   0.0   1.0   1   0   0   1   1   1   1 -
MARD_MMP09245787_REFG-scaffold_33-gene_35      -          Mn_catalase          PF05067.15   1.1e-95  331.4   0.0   1.3e-95  331.2   0.0   1.0   1   0   0   1   1   1   1 -
TARA_SAMEA2621101_METAG-scaffold_7-gene_305    -          Mn_catalase          PF05067.15   1.7e-95  330.8   0.0   1.9e-95  330.6   0.0   1.0   1   0   0   1   1   1   1 -
TARA_SAMEA2621242_METAG-scaffold_6096-gene_2   -          Mn_catalase          PF05067.15   1.7e-95  330.8   0.0   1.9e-95  330.6   0.0   1.0   1   0   0   1   1   1   1 -
TARA_SAMEA2621300_METAG-scaffold_1366-gene_10  -          Mn_catalase          PF05067.15   1.7e-95  330.8   0.0   1.9e-95  330.6   0.0   1.0   1   0   0   1   1   1   1 -
TARA_SAMEA2621416_METAG-scaffold_4-gene_261    -          Mn_catalase          PF05067.15   1.7e-95  330.8   0.0   1.9e-95  330.6   0.0   1.0   1   0   0   1   1   1   1 -
TARA_SAMEA2621502_METAG-scaffold_388-gene_43   -          Mn_catalase          PF05067.15   1.7e-95  330.8   0.0   1.9e-95  330.6   0.0   1.0   1   0   0   1   1   1   1 -
TARA_SAMEA2621528_METAG-scaffold_2174-gene_2   -          Mn_catalase          PF05067.15   1.7e-95  330.8   0.0   1.9e-95  330.6   0.0   1.0   1   0   0   1   1   1   1 -
TARA_SAMEA2622473_METAG-scaffold_16932-gene_2  -          Mn_catalase          PF05067.15   1.7e-95  330.8   0.0   1.9e-95  330.6   0.0   1.0   1   0   0   1   1   1   1 -
TARA_SAMEA2622677_METAG-scaffold_14-gene_12    -          Mn_catalase          PF05067.15   1.7e-95  330.8   0.0   1.9e-95  330.6   0.0   1.0   1   0   0   1   1   1   1 -
TARA_SAMEA2623403_METAG-scaffold_920-gene_18   -          Mn_catalase          PF05067.15   1.7e-95  330.8   0.0   1.9e-95  330.6   0.0   1.0   1   0   0   1   1   1   1 -
TARA_SAMEA4397255_METAG-scaffold_24-gene_58    -          Mn_catalase          PF05067.15   1.7e-95  330.8   0.0   1.9e-95  330.6   0.0   1.0   1   0   0   1   1   1   1 -
MARD_MMP08150297_REFG-scaffold_19-gene_261     -          Mn_catalase          PF05067.15   1.7e-95  330.7   0.0     2e-95  330.5   0.0   1.0   1   0   0   1   1   1   1 -
MARD_MMP03732514_REFG-scaffold_88-gene_2       -          Mn_catalase          PF05067.15   3.1e-95  329.9   0.0   3.7e-95  329.7   0.0   1.0   1   0   0   1   1   1   1 -
MARD_MMP02470933_REFG-scaffold_40-gene_37      -          Mn_catalase          PF05067.15   2.2e-94  327.1   0.0   2.4e-94  327.0   0.0   1.0   1   0   0   1   1   1   1 -
MARD_MMP09083205_REFG-scaffold_16-gene_2       -          Mn_catalase          PF05067.15   5.1e-92  319.3   0.0     6e-92  319.1   0.0   1.0   1   0   0   1   1   1   1 -
MARD_MMP00000371_REFG-scaffold_4-gene_179      -          Mn_catalase          PF05067.15   8.1e-92  318.7   0.0   9.1e-92  318.5   0.0   1.0   1   0   0   1   1   1   1 -
MARD_MMP09736004_REFG-scaffold_17-gene_78      -          Mn_catalase          PF05067.15   1.4e-91  317.9   0.0   1.6e-91  317.7   0.0   1.0   1   0   0   1   1   1   1 -
MARD_MMP04487801_REFG-scaffold_11-gene_181     -          Mn_catalase          PF05067.15   1.5e-91  317.8   0.0   1.8e-91  317.5   0.0   1.0   1   0   0   1   1   1   1 -
MARD_MMP08568348_REFG-scaffold_1-gene_1403     -          Mn_catalase          PF05067.15   2.7e-90  313.7   0.0     3e-90  313.5   0.0   1.0   1   0   0   1   1   1   1 -
MARD_MMP08913591_REFG-scaffold_10-gene_28      -          Mn_catalase          PF05067.15   4.9e-90  312.8   0.0   5.4e-90  312.7   0.0   1.0   1   0   0   1   1   1   1 -
MARD_MMP2271987_REFG-scaffold_34-gene_47       -          Mn_catalase          PF05067.15   7.4e-90  312.2   0.0   8.9e-90  312.0   0.0   1.0   1   0   0   1   1   1   1 -
MARD_MMP05216266_REFG-scaffold_5-gene_1        -          Mn_catalase          PF05067.15   9.9e-90  311.8   0.0   1.1e-89  311.6   0.0   1.0   1   0   0   1   1   1   1 -
MARD_MMP05216266_REFG-scaffold_27-gene_38      -          Mn_catalase          PF05067.15   1.2e-89  311.5   0.0   1.4e-89  311.3   0.0   1.0   1   0   0   1   1   1   1 -
MARD_MMP00000372_REFG-scaffold_1-gene_115      -          Mn_catalase          PF05067.15   1.9e-89  310.9   0.0   2.2e-89  310.7   0.0   1.0   1   0   0   1   1   1   1 -
TARA_ASW00026_METAG-scaffold_164-gene_8        -          Mn_catalase          PF05067.15     2e-89  310.9   0.0   2.3e-89  310.6   0.0   1.0   1   0   0   1   1   1   1 -
TARA_SAMEA2620666_METAG-scaffold_822-gene_7    -          Mn_catalase          PF05067.15     2e-89  310.9   0.0   2.3e-89  310.6   0.0   1.0   1   0   0   1   1   1   1 -
TARA_SAMEA2620815_METAG-scaffold_102-gene_22   -          Mn_catalase          PF05067.15     2e-89  310.9   0.0   2.3e-89  310.6   0.0   1.0   1   0   0   1   1   1   1 -
TARA_SAMEA2620882_METAG-scaffold_47-gene_69    -          Mn_catalase          PF05067.15     2e-89  310.9   0.0   2.3e-89  310.6   0.0   1.0   1   0   0   1   1   1   1 -
TARA_SAMEA2621198_METAG-scaffold_1868-gene_6   -          Mn_catalase          PF05067.15     2e-89  310.9   0.0   2.3e-89  310.6   0.0   1.0   1   0   0   1   1   1   1 -
TARA_SAMEA2621232_METAG-scaffold_36-gene_22    -          Mn_catalase          PF05067.15     2e-89  310.9   0.0   2.3e-89  310.6   0.0   1.0   1   0   0   1   1   1   1 -
TARA_SAMEA2622568_METAG-scaffold_825-gene_22   -          Mn_catalase          PF05067.15     2e-89  310.9   0.0   2.3e-89  310.6   0.0   1.0   1   0   0   1   1   1   1 -
TARA_SAMEA2622673_METAG-scaffold_980-gene_6    -          Mn_catalase          PF05067.15     2e-89  310.9   0.0   2.3e-89  310.6   0.0   1.0   1   0   0   1   1   1   1 -
TARA_SAMEA2622690_METAG-scaffold_6618-gene_10  -          Mn_catalase          PF05067.15     2e-89  310.9   0.0   2.3e-89  310.6   0.0   1.0   1   0   0   1   1   1   1 -
TARA_SAMEA2622837_METAG-scaffold_3056-gene_18  -          Mn_catalase          PF05067.15     2e-89  310.9   0.0   2.3e-89  310.6   0.0   1.0   1   0   0   1   1   1   1 -
TARA_SAMEA2623513_METAG-scaffold_9982-gene_5   -          Mn_catalase          PF05067.15     2e-89  310.9   0.0   2.3e-89  310.6   0.0   1.0   1   0   0   1   1   1   1 -
TARA_SAMEA2623649_METAG-scaffold_116-gene_6    -          Mn_catalase          PF05067.15     2e-89  310.9   0.0   2.3e-89  310.6   0.0   1.0   1   0   0   1   1   1   1 -
TARA_SAMEA2623693_METAG-scaffold_4921-gene_3   -          Mn_catalase          PF05067.15     2e-89  310.9   0.0   2.3e-89  310.6   0.0   1.0   1   0   0   1   1   1   1 -
TARA_SAMEA2623794_METAG-scaffold_10804-gene_1  -          Mn_catalase          PF05067.15     2e-89  310.9   0.0   2.3e-89  310.6   0.0   1.0   1   0   0   1   1   1   1 -
TARA_SAMEA2623907_METAG-scaffold_161-gene_22   -          Mn_catalase          PF05067.15     2e-89  310.9   0.0   2.3e-89  310.6   0.0   1.0   1   0   0   1   1   1   1 -
MARD_MMP04487806_REFG-scaffold_40-gene_11      -          Mn_catalase          PF05067.15   2.4e-89  310.5   0.0   2.8e-89  310.4   0.0   1.0   1   0   0   1   1   1   1 -
MARD_MMP05216418_REFG-scaffold_11-gene_158     -          Mn_catalase          PF05067.15   3.3e-89  310.1   0.0   3.8e-89  309.9   0.0   1.0   1   0   0   1   1   1   1 -
MARD_MMP09710956_REFG-scaffold_154-gene_29     -          Mn_catalase          PF05067.15   5.7e-89  309.3   0.0   6.5e-89  309.2   0.0   1.0   1   0   0   1   1   1   1 -
MARD_MMP09710957_REFG-scaffold_162-gene_29     -          Mn_catalase          PF05067.15   5.7e-89  309.3   0.0   6.5e-89  309.2   0.0   1.0   1   0   0   1   1   1   1 -
MARD_MMP09710958_REFG-scaffold_174-gene_29     -          Mn_catalase          PF05067.15   5.7e-89  309.3   0.0   6.5e-89  309.2   0.0   1.0   1   0   0   1   1   1   1 -
MARD_MMP09710959_REFG-scaffold_18-gene_29      -          Mn_catalase          PF05067.15   5.7e-89  309.3   0.0   6.5e-89  309.2   0.0   1.0   1   0   0   1   1   1   1 -
MARD_MMP09710960_REFG-scaffold_43-gene_29      -          Mn_catalase          PF05067.15   3.6e-88  306.7   0.0     4e-88  306.5   0.0   1.0   1   0   0   1   1   1   1 -
MARD_MMP05421868_REFG-scaffold_41-gene_1       -          Mn_catalase          PF05067.15     4e-88  306.6   0.0   4.4e-88  306.4   0.0   1.0   1   0   0   1   1   1   1 -
TARA_ION00002_METAG-scaffold_3-gene_39         -          Mn_catalase          PF05067.15   7.4e-88  305.7   0.0   8.8e-88  305.4   0.0   1.0   1   0   0   1   1   1   1 -
TARA_SAMEA2620230_METAG-scaffold_11475-gene_3  -          Mn_catalase          PF05067.15   7.4e-88  305.7   0.0   8.8e-88  305.4   0.0   1.0   1   0   0   1   1   1   1 -
TARA_SAMEA2620413_METAG-scaffold_14667-gene_4  -          Mn_catalase          PF05067.15   7.4e-88  305.7   0.0   8.8e-88  305.4   0.0   1.0   1   0   0   1   1   1   1 -
MARD_MMP03079717_REFG-scaffold_41-gene_28      -          Mn_catalase          PF05067.15   1.8e-87  304.5   0.0   1.9e-87  304.3   0.0   1.0   1   0   0   1   1   1   1 -
MARD_MMP01942250_REFG-scaffold_3-gene_3        -          Mn_catalase          PF05067.15   2.2e-87  304.1   0.0   2.5e-87  304.0   0.0   1.0   1   0   0   1   1   1   1 -
MARD_MMP01942309_REFG-scaffold_12-gene_239     -          Mn_catalase          PF05067.15   2.2e-87  304.1   0.0   2.5e-87  304.0   0.0   1.0   1   0   0   1   1   1   1 -
MARD_MMP03079707_REFG-scaffold_12-gene_361     -          Mn_catalase          PF05067.15   2.2e-87  304.1   0.0   2.5e-87  304.0   0.0   1.0   1   0   0   1   1   1   1 -
MARD_MMP10231959_REFG-scaffold_389-gene_25     -          Mn_catalase          PF05067.15   3.9e-87  303.3   0.0   4.8e-87  303.0   0.0   1.0   1   0   0   1   1   1   1 -
MARD_MMP00622969_REFG-scaffold_74-gene_103     -          Mn_catalase          PF05067.15   7.1e-87  302.5   0.0   8.2e-87  302.3   0.0   1.0   1   0   0   1   1   1   1 -
MARD_MMP10231958_REFG-scaffold_135-gene_25     -          Mn_catalase          PF05067.15   7.5e-87  302.4   0.0   9.3e-87  302.1   0.0   1.0   1   0   0   1   1   1   1 -
TARA_SAMEA2623155_METAG-scaffold_2295-gene_8   -          Mn_catalase          PF05067.15   1.3e-86  301.5   0.0   1.5e-86  301.4   0.0   1.0   1   0   0   1   1   1   1 -
TARA_SAMEA2619992_METAG-scaffold_12-gene_182   -          Mn_catalase          PF05067.15   1.5e-86  301.4   0.0   1.8e-86  301.1   0.0   1.0   1   0   0   1   1   1   1 -
TARA_SAMEA2620256_METAG-scaffold_7-gene_348    -          Mn_catalase          PF05067.15   1.5e-86  301.4   0.0   1.8e-86  301.1   0.0   1.0   1   0   0   1   1   1   1 -
TARA_SAMEA2621502_METAG-scaffold_8-gene_344    -          Mn_catalase          PF05067.15   1.5e-86  301.4   0.0   1.8e-86  301.1   0.0   1.0   1   0   0   1   1   1   1 -
TARA_SAMEA2622685_METAG-scaffold_6876-gene_3   -          Mn_catalase          PF05067.15   1.5e-86  301.4   0.0   1.8e-86  301.1   0.0   1.0   1   0   0   1   1   1   1 -
MARD_MMP00000371_REFG-scaffold_12-gene_21      -          Mn_catalase          PF05067.15   2.8e-86  300.5   0.0   3.1e-86  300.4   0.0   1.0   1   0   0   1   1   1   1 -
MARD_MMP08469618_REFG-scaffold_13-gene_312     -          Mn_catalase          PF05067.15   5.7e-86  299.5   0.0   6.4e-86  299.3   0.0   1.0   1   0   0   1   1   1   1 -
MARD_MMP09074692_REFG-scaffold_1-gene_443      -          Mn_catalase          PF05067.15   2.4e-85  297.4   0.0   2.8e-85  297.2   0.0   1.0   1   0   0   1   1   1   1 -
TARA_SAMEA2620039_METAG-scaffold_3-gene_78     -          Mn_catalase          PF05067.15   6.6e-85  296.0   0.0   8.1e-85  295.7   0.0   1.0   1   0   0   1   1   1   1 -
MARD_MMP05017772_REFG-scaffold_276-gene_38     -          Mn_catalase          PF05067.15   7.2e-85  295.9   0.0   8.6e-85  295.6   0.0   1.0   1   0   0   1   1   1   1 -
MARD_MMP04488134_REFG-scaffold_3-gene_10       -          Mn_catalase          PF05067.15   7.3e-85  295.9   0.0   8.1e-85  295.7   0.0   1.0   1   0   0   1   1   1   1 -
TARA_SAMEA4398387_METAG-scaffold_19044-gene_5  -          Mn_catalase          PF05067.15   1.4e-84  294.9   0.0   1.7e-84  294.7   0.0   1.0   1   0   0   1   1   1   1 -
MARD_MMP08954526_REFG-scaffold_1-gene_46       -          Mn_catalase          PF05067.15   2.5e-84  294.1   0.0   2.8e-84  294.0   0.0   1.0   1   0   0   1   1   1   1 -
TARA_SAMEA2619888_METAG-scaffold_1609-gene_1   -          Mn_catalase          PF05067.15   2.8e-84  293.9   0.0   3.3e-84  293.7   0.0   1.0   1   0   0   1   1   1   1 -
TARA_SAMEA2620039_METAG-scaffold_374-gene_9    -          Mn_catalase          PF05067.15   2.8e-84  293.9   0.0   3.3e-84  293.7   0.0   1.0   1   0   0   1   1   1   1 -
MARD_MMP05216207_REFG-scaffold_107-gene_151    -          Mn_catalase          PF05067.15   1.7e-83  291.4   0.0   1.9e-83  291.2   0.0   1.0   1   0   0   1   1   1   1 -
MARD_MMP08241739_REFG-scaffold_1-gene_20       -          Mn_catalase          PF05067.15   2.6e-83  290.8   0.0   3.1e-83  290.5   0.0   1.0   1   0   0   1   1   1   1 -
MARD_MMP2272452_REFG-scaffold_73-gene_20       -          Mn_catalase          PF05067.15   5.5e-83  289.7   0.0   6.5e-83  289.5   0.0   1.0   1   0   0   1   1   1   1 -
MARD_MMP00053328_REFG-scaffold_4-gene_922      -          Mn_catalase          PF05067.15   7.3e-83  289.3   0.0   8.1e-83  289.1   0.0   1.0   1   0   0   1   1   1   1 -
BGEO_SAMN07136900_METAG-scaffold_674-gene_11   -          Mn_catalase          PF05067.15   8.9e-83  289.0   0.0     1e-82  288.8   0.0   1.0   1   0   0   1   1   1   1 -
MARD_MMP04488033_REFG-scaffold_8-gene_3        -          Mn_catalase          PF05067.15   9.9e-83  288.9   0.2   1.1e-82  288.7   0.2   1.0   1   0   0   1   1   1   1 -
MARD_MMP05421823_REFG-scaffold_14-gene_684     -          Mn_catalase          PF05067.15   1.4e-82  288.4   0.0   1.6e-82  288.2   0.0   1.0   1   0   0   1   1   1   1 -
MARD_MMP04487808_REFG-scaffold_9-gene_160      -          Mn_catalase          PF05067.15   5.1e-82  286.5   0.0   5.9e-82  286.3   0.0   1.0   1   0   0   1   1   1   1 -
MARD_MMP09531617_REFG-scaffold_34-gene_167     -          Mn_catalase          PF05067.15   1.5e-81  285.0   0.0   1.6e-81  284.9   0.0   1.0   1   0   0   1   1   1   1 -
MARD_MMP05421807_REFG-scaffold_36-gene_29      -          Mn_catalase          PF05067.15   2.2e-81  284.5   0.0   2.4e-81  284.3   0.0   1.0   1   0   0   1   1   1   1 -
MARD_MMP06885536_REFG-scaffold_123-gene_7      -          Mn_catalase          PF05067.15   2.2e-81  284.5   0.0   2.4e-81  284.3   0.0   1.0   1   0   0   1   1   1   1 -
MARD_MMP08271940_REFG-scaffold_19-gene_12      -          Mn_catalase          PF05067.15   2.7e-81  284.2   0.0   3.1e-81  284.0   0.0   1.0   1   0   0   1   1   1   1 -
MARD_MMP05421734_REFG-scaffold_7-gene_64       -          Mn_catalase          PF05067.15   3.5e-81  283.8   0.0   3.8e-81  283.7   0.0   1.0   1   0   0   1   1   1   1 -
TARA_SAMEA4396515_METAG-scaffold_275-gene_40   -          Mn_catalase          PF05067.15   3.6e-81  283.7   0.1   4.1e-81  283.6   0.1   1.0   1   0   0   1   1   1   1 -
TARA_SAMEA4397023_METAG-scaffold_34-gene_114   -          Mn_catalase          PF05067.15   3.6e-81  283.7   0.1   4.1e-81  283.6   0.1   1.0   1   0   0   1   1   1   1 -
TARA_SAMEA4398001_METAG-scaffold_426-gene_58   -          Mn_catalase          PF05067.15   3.6e-81  283.7   0.1   4.1e-81  283.6   0.1   1.0   1   0   0   1   1   1   1 -
MARD_MMP07249100_REFG-scaffold_1-gene_3361     -          Mn_catalase          PF05067.15   1.3e-80  281.9   0.0   1.4e-80  281.8   0.0   1.0   1   0   0   1   1   1   1 -
MARD_MMP09721247_REFG-scaffold_4-gene_6        -          Mn_catalase          PF05067.15   1.6e-80  281.6   0.1   1.9e-80  281.3   0.1   1.0   1   0   0   1   1   1   1 -
MARD_MMP04487993_REFG-scaffold_56-gene_9       -          Mn_catalase          PF05067.15   2.5e-80  281.0   0.0     3e-80  280.7   0.0   1.0   1   0   0   1   1   1   1 -
TARA_SAMEA2591132_METAG-scaffold_1754-gene_5   -          Mn_catalase          PF05067.15   2.5e-80  281.0   0.0     3e-80  280.7   0.0   1.0   1   0   0   1   1   1   1 -
TARA_SAMEA2619992_METAG-scaffold_380-gene_3    -          Mn_catalase          PF05067.15   2.5e-80  281.0   0.0     3e-80  280.7   0.0   1.0   1   0   0   1   1   1   1 -
MARD_MMP04488047_REFG-scaffold_49-gene_159     -          Mn_catalase          PF05067.15   2.6e-80  280.9   0.0     3e-80  280.7   0.0   1.0   1   0   0   1   1   1   1 -
TARA_SAMEA4396489_METAG-scaffold_19-gene_452   -          Mn_catalase          PF05067.15   2.9e-80  280.7   0.0   3.5e-80  280.5   0.0   1.0   1   0   0   1   1   1   1 -
TARA_SAMEA4398168_METAG-scaffold_151-gene_78   -          Mn_catalase          PF05067.15   2.9e-80  280.7   0.0   3.5e-80  280.5   0.0   1.0   1   0   0   1   1   1   1 -
MARD_MMP04488020_REFG-scaffold_6-gene_102      -          Mn_catalase          PF05067.15     4e-80  280.3   0.1   4.8e-80  280.0   0.1   1.0   1   0   0   1   1   1   1 -
MARD_MMP02436142_REFG-scaffold_6-gene_1915     -          Mn_catalase          PF05067.15   4.7e-80  280.1   0.2   5.5e-80  279.9   0.2   1.0   1   0   0   1   1   1   1 -
MARD_MMP04318426_REFG-scaffold_16-gene_142     -          Mn_catalase          PF05067.15   1.2e-79  278.7   1.3   1.4e-79  278.5   1.3   1.0   1   0   0   1   1   1   1 -
MARD_MMP05444340_REFG-scaffold_16-gene_489     -          Mn_catalase          PF05067.15   1.7e-79  278.2   0.1     2e-79  278.0   0.1   1.0   1   0   0   1   1   1   1 -
MARD_MMP04488087_REFG-scaffold_14-gene_41      -          Mn_catalase          PF05067.15     3e-79  277.4   0.0   3.4e-79  277.3   0.0   1.0   1   0   0   1   1   1   1 -
TARA_SAMEA4398027_METAG-scaffold_140-gene_36   -          Mn_catalase          PF05067.15   4.2e-79  277.0   0.0   4.9e-79  276.7   0.0   1.0   1   0   0   1   1   1   1 -
TARA_SAMEA4398083_METAG-scaffold_140-gene_60   -          Mn_catalase          PF05067.15   4.2e-79  277.0   0.0   4.9e-79  276.7   0.0   1.0   1   0   0   1   1   1   1 -
TARA_SAMEA4398315_METAG-scaffold_52-gene_135   -          Mn_catalase          PF05067.15   4.2e-79  277.0   0.0   4.9e-79  276.7   0.0   1.0   1   0   0   1   1   1   1 -
MARD_MMP10250535_REFG-scaffold_4-gene_425      -          Mn_catalase          PF05067.15   7.8e-79  276.1   0.0   9.2e-79  275.8   0.0   1.0   1   0   0   1   1   1   1 -
TARA_SAMEA4396489_METAG-scaffold_3-gene_716    -          Mn_catalase          PF05067.15   1.1e-78  275.5   0.0   1.3e-78  275.3   0.0   1.0   1   0   0   1   1   1   1 -
TARA_SAMEA4396515_METAG-scaffold_12216-gene_4  -          Mn_catalase          PF05067.15   1.1e-78  275.5   0.0   1.3e-78  275.3   0.0   1.0   1   0   0   1   1   1   1 -
TARA_SAMEA4397023_METAG-scaffold_3-gene_175    -          Mn_catalase          PF05067.15   1.1e-78  275.5   0.0   1.3e-78  275.3   0.0   1.0   1   0   0   1   1   1   1 -
TARA_SAMEA4398001_METAG-scaffold_838-gene_17   -          Mn_catalase          PF05067.15   1.1e-78  275.5   0.0   1.3e-78  275.3   0.0   1.0   1   0   0   1   1   1   1 -
TARA_SAMEA4398168_METAG-scaffold_3734-gene_6   -          Mn_catalase          PF05067.15   1.1e-78  275.5   0.0   1.3e-78  275.3   0.0   1.0   1   0   0   1   1   1   1 -
MARD_MMP10172232_REFG-scaffold_17-gene_28      -          Mn_catalase          PF05067.15   1.7e-78  275.0   0.0   1.9e-78  274.8   0.0   1.0   1   0   0   1   1   1   1 -
MARD_MMP04489841_REFG-scaffold_2-gene_1095     -          Mn_catalase          PF05067.15   1.9e-78  274.8   0.2   2.3e-78  274.6   0.2   1.0   1   0   0   1   1   1   1 -
MARD_MMP02471653_REFG-scaffold_23-gene_174     -          Mn_catalase          PF05067.15   2.2e-78  274.6   0.1   2.6e-78  274.4   0.1   1.0   1   0   0   1   1   1   1 -
MARD_MMP02436081_REFG-scaffold_2-gene_874      -          Mn_catalase          PF05067.15   4.1e-78  273.7   0.1   4.8e-78  273.5   0.1   1.0   1   0   0   1   1   1   1 -
MARD_MMP2272395_REFG-scaffold_11-gene_770      -          Mn_catalase          PF05067.15   4.3e-78  273.6   0.1   5.1e-78  273.4   0.1   1.0   1   0   0   1   1   1   1 -
MARD_MMP02470884_REFG-scaffold_353-gene_18     -          Mn_catalase          PF05067.15   1.1e-77  272.4   2.0   1.3e-77  272.1   2.0   1.0   1   0   0   1   1   1   1 -
MARD_MMP02471661_REFG-scaffold_40-gene_37      -          Mn_catalase          PF05067.15   1.1e-77  272.4   2.0   1.3e-77  272.1   2.0   1.0   1   0   0   1   1   1   1 -
MARD_MMP05818643_REFG-scaffold_29-gene_133     -          Mn_catalase          PF05067.15   1.7e-77  271.6   0.0   2.1e-77  271.4   0.0   1.0   1   0   0   1   1   1   1 -
MARD_MMP08912470_REFG-scaffold_45-gene_49      -          Mn_catalase          PF05067.15   1.7e-77  271.6   0.0   2.1e-77  271.4   0.0   1.0   1   0   0   1   1   1   1 -
MARD_MMP10346711_REFG-scaffold_16-gene_114     -          Mn_catalase          PF05067.15   3.3e-77  270.7   0.8   3.9e-77  270.5   0.8   1.0   1   0   0   1   1   1   1 -
MARD_MMP09989090_REFG-scaffold_254-gene_15     -          Mn_catalase          PF05067.15   8.6e-77  269.4   0.0     1e-76  269.2   0.0   1.0   1   0   0   1   1   1   1 -
TARA_SAMEA2623390_METAG-scaffold_292-gene_45   -          Mn_catalase          PF05067.15     1e-76  269.1   0.0   1.2e-76  268.9   0.0   1.0   1   0   0   1   1   1   1 -
MARD_MMP04487950_REFG-scaffold_6-gene_1384     -          Mn_catalase          PF05067.15     1e-76  269.1   2.6   1.2e-76  268.9   2.6   1.0   1   0   0   1   1   1   1 -
MARD_MMP00622969_REFG-scaffold_18-gene_380     -          Mn_catalase          PF05067.15     2e-76  268.2   0.2     3e-76  267.6   0.2   1.2   1   1   0   1   1   1   1 -
MARD_MMP09702118_REFG-scaffold_2-gene_1492     -          Mn_catalase          PF05067.15   2.1e-76  268.1   3.3   2.3e-76  268.0   3.3   1.0   1   0   0   1   1   1   1 -
MARD_MMP09041732_REFG-scaffold_248-gene_12     -          Mn_catalase          PF05067.15   2.4e-76  267.9   0.0   2.6e-76  267.8   0.0   1.0   1   0   0   1   1   1   1 -
MARD_MMP09041732_REFG-scaffold_200-gene_67     -          Mn_catalase          PF05067.15   3.2e-76  267.5   0.1   4.9e-76  266.9   0.1   1.2   1   0   0   1   1   1   1 -
MARD_MMP04487948_REFG-scaffold_24-gene_31      -          Mn_catalase          PF05067.15   7.9e-76  266.2   2.1   9.2e-76  266.0   2.1   1.0   1   0   0   1   1   1   1 -
TARA_SAMEA4396489_METAG-scaffold_48366-gene_1  -          Mn_catalase          PF05067.15   8.1e-76  266.2   0.0   9.6e-76  265.9   0.0   1.0   1   0   0   1   1   1   1 -
TARA_SAMEA4398168_METAG-scaffold_31964-gene_4  -          Mn_catalase          PF05067.15   8.1e-76  266.2   0.0   9.6e-76  265.9   0.0   1.0   1   0   0   1   1   1   1 -
MARD_MMP00053329_REFG-scaffold_9-gene_168      -          Mn_catalase          PF05067.15   9.3e-76  266.0   0.2   1.4e-75  265.4   0.2   1.2   1   0   0   1   1   1   1 -
MARD_MMP02470933_REFG-scaffold_67-gene_28      -          Mn_catalase          PF05067.15   1.1e-75  265.8   0.2   1.6e-75  265.2   0.2   1.2   1   0   0   1   1   1   1 -
MARD_MMP05375008_REFG-scaffold_33-gene_97      -          Mn_catalase          PF05067.15   1.3e-75  265.5   0.1   1.8e-75  265.0   0.1   1.2   1   0   0   1   1   1   1 -
MARD_MMP00028746_REFG-scaffold_7-gene_134      -          Mn_catalase          PF05067.15   1.8e-75  265.1   0.0   2.1e-75  264.8   0.0   1.0   1   0   0   1   1   1   1 -
MARD_MMP00028747_REFG-scaffold_13-gene_28      -          Mn_catalase          PF05067.15   1.8e-75  265.0   0.0   2.2e-75  264.8   0.0   1.0   1   0   0   1   1   1   1 -
MARD_MMP02436161_REFG-scaffold_1-gene_589      -          Mn_catalase          PF05067.15   1.8e-75  265.0   0.0   2.2e-75  264.8   0.0   1.0   1   0   0   1   1   1   1 -
TARA_SAMEA2621191_METAG-scaffold_3172-gene_6   -          Mn_catalase          PF05067.15   1.8e-75  265.0   0.0   2.2e-75  264.8   0.0   1.0   1   0   0   1   1   1   1 -
TARA_SAMEA2621247_METAG-scaffold_5446-gene_3   -          Mn_catalase          PF05067.15   1.8e-75  265.0   0.0   2.2e-75  264.8   0.0   1.0   1   0   0   1   1   1   1 -
MARD_MMP04488556_REFG-scaffold_8-gene_366      -          Mn_catalase          PF05067.15     2e-75  264.9   0.1   2.4e-75  264.7   0.1   1.0   1   0   0   1   1   1   1 -
TARA_SAMEA4397118_METAG-scaffold_867-gene_6    -          Mn_catalase          PF05067.15   2.4e-75  264.6   0.0   2.8e-75  264.4   0.0   1.0   1   0   0   1   1   1   1 -
TARA_SAMEA4397174_METAG-scaffold_894-gene_6    -          Mn_catalase          PF05067.15   2.4e-75  264.6   0.0   2.8e-75  264.4   0.0   1.0   1   0   0   1   1   1   1 -
TARA_SAMEA4397215_METAG-scaffold_2446-gene_6   -          Mn_catalase          PF05067.15   2.4e-75  264.6   0.0   2.8e-75  264.4   0.0   1.0   1   0   0   1   1   1   1 -
TARA_SAMEA4397330_METAG-scaffold_64077-gene_1  -          Mn_catalase          PF05067.15   2.4e-75  264.6   0.0   2.8e-75  264.4   0.0   1.0   1   0   0   1   1   1   1 -
MARD_MMP04488011_REFG-scaffold_14-gene_68      -          Mn_catalase          PF05067.15   2.6e-75  264.5   0.3   3.1e-75  264.3   0.3   1.0   1   0   0   1   1   1   1 -
MARD_MMP05444417_REFG-scaffold_9-gene_98       -          Mn_catalase          PF05067.15   4.1e-75  263.9   0.2   4.7e-75  263.7   0.2   1.0   1   0   0   1   1   1   1 -
TARA_SAMEA2620666_METAG-scaffold_821-gene_5    -          Mn_catalase          PF05067.15   5.4e-75  263.5   0.0   6.3e-75  263.3   0.0   1.0   1   0   0   1   1   1   1 -
MARD_MMP05421668_REFG-scaffold_42-gene_22      -          Mn_catalase          PF05067.15   9.7e-75  262.6   0.0   1.2e-74  262.4   0.0   1.0   1   0   0   1   1   1   1 -
MARD_MMP00028750_REFG-scaffold_7-gene_57       -          Mn_catalase          PF05067.15   1.7e-74  261.8   0.0   2.1e-74  261.6   0.0   1.0   1   0   0   1   1   1   1 -
MARD_MMP02436126_REFG-scaffold_4-gene_3244     -          Mn_catalase          PF05067.15   1.7e-74  261.8   0.0   2.1e-74  261.6   0.0   1.0   1   0   0   1   1   1   1 -
MARD_MMP08776247_REFG-scaffold_2-gene_307      -          Mn_catalase          PF05067.15   2.4e-74  261.3   0.0   2.8e-74  261.1   0.0   1.0   1   0   0   1   1   1   1 -
MARD_MMP05791069_REFG-scaffold_29-gene_246     -          Mn_catalase          PF05067.15   4.1e-74  260.6   0.0   4.7e-74  260.4   0.0   1.0   1   0   0   1   1   1   1 -
TARA_SAMEA4398387_METAG-scaffold_5200-gene_1   -          Mn_catalase          PF05067.15   4.5e-74  260.5   0.1   5.4e-74  260.2   0.1   1.0   1   0   0   1   1   1   1 -
MARD_MMP06299117_REFG-scaffold_44-gene_5       -          Mn_catalase          PF05067.15   6.3e-74  260.0   0.0   7.2e-74  259.8   0.0   1.0   1   0   0   1   1   1   1 -
MARD_MMP04487808_REFG-scaffold_9-gene_663      -          Mn_catalase          PF05067.15   6.8e-74  259.9   0.1   9.9e-74  259.3   0.1   1.2   1   0   0   1   1   1   1 -
MARD_MMP00000371_REFG-scaffold_47-gene_1       -          Mn_catalase          PF05067.15   7.4e-74  259.7   0.4   1.3e-73  259.0   0.4   1.3   1   1   0   1   1   1   1 -
TARA_SAMEA4397666_METAG-scaffold_4795-gene_8   -          Mn_catalase          PF05067.15     8e-74  259.6   0.0   9.2e-74  259.4   0.0   1.0   1   0   0   1   1   1   1 -
TARA_SAMEA4397747_METAG-scaffold_10-gene_30    -          Mn_catalase          PF05067.15     8e-74  259.6   0.0   9.2e-74  259.4   0.0   1.0   1   0   0   1   1   1   1 -
TARA_SAMEA4398315_METAG-scaffold_36137-gene_3  -          Mn_catalase          PF05067.15     8e-74  259.6   0.0   9.2e-74  259.4   0.0   1.0   1   0   0   1   1   1   1 -
MARD_MMP09509732_REFG-scaffold_3-gene_25       -          Mn_catalase          PF05067.15   1.1e-73  259.2   0.0   1.3e-73  259.0   0.0   1.0   1   0   0   1   1   1   1 -
TARA_SAMEA4397330_METAG-scaffold_3828-gene_12  -          Mn_catalase          PF05067.15   1.1e-73  259.2   0.1   1.3e-73  259.0   0.1   1.0   1   0   0   1   1   1   1 -
MARD_MMP06299115_REFG-scaffold_8-gene_117      -          Mn_catalase          PF05067.15   1.1e-73  259.2   0.0   1.3e-73  259.0   0.0   1.0   1   0   0   1   1   1   1 -
TARA_SAMEA2621448_METAG-scaffold_151-gene_21   -          Mn_catalase          PF05067.15   1.2e-73  259.0   0.0   1.4e-73  258.8   0.0   1.0   1   0   0   1   1   1   1 -
MARD_MMP09531617_REFG-scaffold_32-gene_1       -          Mn_catalase          PF05067.15   1.7e-73  258.6   0.3   2.7e-73  257.9   0.3   1.2   1   1   0   1   1   1   1 -
MARD_MMP06299118_REFG-scaffold_39-gene_53      -          Mn_catalase          PF05067.15   1.7e-73  258.5   0.1     2e-73  258.3   0.1   1.0   1   0   0   1   1   1   1 -
MARD_MMP03729479_REFG-scaffold_1-gene_23       -          Mn_catalase          PF05067.15   1.8e-73  258.5   0.0   2.2e-73  258.2   0.0   1.0   1   0   0   1   1   1   1 -
TARA_SAMEA4396941_METAG-scaffold_3537-gene_2   -          Mn_catalase          PF05067.15   2.6e-73  257.9   0.1   3.1e-73  257.7   0.1   1.0   1   0   0   1   1   1   1 -
TARA_SAMEA4397118_METAG-scaffold_1015-gene_19  -          Mn_catalase          PF05067.15   2.6e-73  257.9   0.1   3.1e-73  257.7   0.1   1.0   1   0   0   1   1   1   1 -
MARD_MMP06885536_REFG-scaffold_124-gene_4      -          Mn_catalase          PF05067.15   3.2e-73  257.7   0.4     5e-73  257.0   0.4   1.2   1   1   0   1   1   1   1 -
TARA_SAMEA4396515_METAG-scaffold_195-gene_80   -          Mn_catalase          PF05067.15   3.3e-73  257.6   0.1   3.8e-73  257.4   0.1   1.0   1   0   0   1   1   1   1 -
TARA_SAMEA2622673_METAG-scaffold_17153-gene_3  -          Mn_catalase          PF05067.15   3.3e-73  257.6   0.1   3.7e-73  257.4   0.1   1.0   1   0   0   1   1   1   1 -
MARD_MMP09074692_REFG-scaffold_3-gene_270      -          Mn_catalase          PF05067.15   3.7e-73  257.4   0.2   6.2e-73  256.7   0.2   1.3   1   1   0   1   1   1   1 -
MARD_MMP04487947_REFG-scaffold_7-gene_623      -          Mn_catalase          PF05067.15   5.1e-73  257.0   1.2     6e-73  256.8   1.2   1.0   1   0   0   1   1   1   1 -
MARD_MMP09389114_REFG-scaffold_58-gene_6       -          Mn_catalase          PF05067.15   5.2e-73  257.0   0.2   7.5e-73  256.4   0.2   1.2   1   0   0   1   1   1   1 -
MALA_SAMN05422123_METAG-scaffold_9472-gene_1   -          Mn_catalase          PF05067.15   5.3e-73  256.9   0.1   6.1e-73  256.7   0.1   1.0   1   0   0   1   1   1   1 -
MARD_MMP06299116_REFG-scaffold_2-gene_196      -          Mn_catalase          PF05067.15   7.9e-73  256.4   0.0   9.3e-73  256.1   0.0   1.0   1   0   0   1   1   1   1 -
MARD_MMP09625553_REFG-scaffold_3-gene_87       -          Mn_catalase          PF05067.15   8.5e-73  256.3   0.5   1.4e-72  255.5   0.5   1.3   1   1   0   1   1   1   1 -
MARD_MMP09920664_REFG-scaffold_23-gene_98      -          Mn_catalase          PF05067.15   1.1e-72  255.9   0.2   1.5e-72  255.4   0.2   1.2   1   0   0   1   1   1   1 -
BGEO_SAMN07136727_METAG-scaffold_577-gene_11   -          Mn_catalase          PF05067.15   2.1e-72  255.0   0.0   2.5e-72  254.7   0.0   1.0   1   0   0   1   1   1   1 -
MARD_MMP04488054_REFG-scaffold_47-gene_15      -          Mn_catalase          PF05067.15   2.5e-72  254.8   0.8   3.9e-72  254.1   0.8   1.3   1   1   0   1   1   1   1 -
TARA_SAMEA2620663_METAG-scaffold_175-gene_7    -          Mn_catalase          PF05067.15   4.4e-72  253.9   0.0   5.3e-72  253.7   0.0   1.0   1   0   0   1   1   1   1 -
BGEO_SAMN07136559_METAG-scaffold_2123-gene_8   -          Mn_catalase          PF05067.15     5e-72  253.8   0.0     6e-72  253.5   0.0   1.0   1   0   0   1   1   1   1 -
BGEO_SAMN07136582_METAG-scaffold_882-gene_8    -          Mn_catalase          PF05067.15     5e-72  253.8   0.0     6e-72  253.5   0.0   1.0   1   0   0   1   1   1   1 -
BGEO_SAMN07136617_METAG-scaffold_415-gene_7    -          Mn_catalase          PF05067.15     5e-72  253.8   0.0     6e-72  253.5   0.0   1.0   1   0   0   1   1   1   1 -
MARD_MMP08469618_REFG-scaffold_11-gene_291     -          Mn_catalase          PF05067.15   9.9e-72  252.8   0.2   1.5e-71  252.2   0.2   1.2   1   0   0   1   1   1   1 -
MARD_MMP08100074_REFG-scaffold_13-gene_15      -          Mn_catalase          PF05067.15   1.1e-71  252.6   0.3   1.8e-71  251.9   0.3   1.3   1   1   0   1   1   1   1 -
MARD_MMP05421868_REFG-scaffold_86-gene_60      -          Mn_catalase          PF05067.15   1.3e-71  252.4   0.5     2e-71  251.8   0.5   1.3   1   1   0   1   1   1   1 -
MARD_MMP04488125_REFG-scaffold_52-gene_159     -          Mn_catalase          PF05067.15   1.4e-71  252.3   0.0   2.5e-71  251.5   0.0   1.3   1   1   0   1   1   1   1 -
MARD_MMP00053328_REFG-scaffold_4-gene_28       -          Mn_catalase          PF05067.15     2e-71  251.8   1.4   3.2e-71  251.1   1.4   1.3   1   1   0   1   1   1   1 -
MARD_MMP00000021_REFG-scaffold_153-gene_78     -          Mn_catalase          PF05067.15   2.1e-71  251.7   0.1   3.5e-71  251.0   0.1   1.3   1   1   0   1   1   1   1 -
MARD_MMP04487807_REFG-scaffold_4-gene_927      -          Mn_catalase          PF05067.15     3e-71  251.2   0.2   4.5e-71  250.6   0.2   1.2   1   0   0   1   1   1   1 -
MARD_MMP04589240_REFG-scaffold_73-gene_383     -          Mn_catalase          PF05067.15     3e-71  251.2   0.2   4.5e-71  250.6   0.2   1.2   1   0   0   1   1   1   1 -
MARD_MMP09901142_REFG-scaffold_39-gene_57      -          Mn_catalase          PF05067.15   3.5e-71  251.0   0.5   5.8e-71  250.2   0.5   1.3   1   1   0   1   1   1   1 -
MARD_MMP08100097_REFG-scaffold_29-gene_47      -          Mn_catalase          PF05067.15   4.3e-71  250.7   0.2   7.1e-71  250.0   0.2   1.3   1   1   0   1   1   1   1 -
MARD_MMP09932323_REFG-scaffold_11-gene_193     -          Mn_catalase          PF05067.15   4.7e-71  250.5   0.3   8.1e-71  249.8   0.3   1.3   1   1   0   1   1   1   1 -
MARD_MMP10330925_REFG-scaffold_24-gene_7       -          Mn_catalase          PF05067.15   6.3e-71  250.1   0.8     1e-70  249.4   0.8   1.3   1   1   0   1   1   1   1 -
TARA_SAMEA2620967_METAG-scaffold_2865-gene_10  -          Mn_catalase          PF05067.15   8.3e-71  249.7   0.1   9.8e-71  249.5   0.1   1.0   1   0   0   1   1   1   1 -
MARD_MMP07249151_REFG-scaffold_1-gene_1792     -          Mn_catalase          PF05067.15   9.8e-71  249.5   0.5   1.6e-70  248.8   0.5   1.3   1   1   0   1   1   1   1 -
MARD_MMP07788960_REFG-scaffold_1-gene_853      -          Mn_catalase          PF05067.15   9.8e-71  249.5   0.5   1.6e-70  248.8   0.5   1.3   1   1   0   1   1   1   1 -
MARD_MMP04487808_REFG-scaffold_10-gene_74      -          Mn_catalase          PF05067.15   5.4e-70  247.1   0.3   8.7e-70  246.4   0.3   1.3   1   1   0   1   1   1   1 -
TARA_SAMEA2619815_METAG-scaffold_21931-gene_3  -          Mn_catalase          PF05067.15   8.8e-70  246.4   0.0   1.1e-69  246.1   0.0   1.1   1   0   0   1   1   1   1 -
MALA_SAMN05422133_METAG-scaffold_2247-gene_9   -          Mn_catalase          PF05067.15   2.1e-69  245.1   0.0   3.4e-69  244.4   0.0   1.3   1   1   0   1   1   1   1 -
TARA_SAMEA4398238_METAG-scaffold_2226-gene_31  -          Mn_catalase          PF05067.15   3.8e-69  244.3   0.1   4.5e-69  244.0   0.1   1.0   1   0   0   1   1   1   1 -
MARD_MMP05216559_REFG-scaffold_6-gene_1252     -          Mn_catalase          PF05067.15   7.8e-69  243.3   0.0     9e-69  243.1   0.0   1.0   1   0   0   1   1   1   1 -
MARD_MMP05444487_REFG-scaffold_25-gene_33      -          Mn_catalase          PF05067.15   1.4e-68  242.4   0.9   2.1e-68  241.8   0.9   1.3   1   1   0   1   1   1   1 -
MARD_MMP09842172_REFG-scaffold_1-gene_943      -          Mn_catalase          PF05067.15   2.1e-68  241.9   0.0   8.3e-68  239.9   0.0   1.7   1   1   0   1   1   1   1 -
MARD_MMP05526266_REFG-scaffold_11-gene_80      -          Mn_catalase          PF05067.15   3.4e-68  241.2   0.2   7.7e-68  240.0   0.2   1.5   1   1   0   1   1   1   1 -
MARD_MMP09388146_REFG-scaffold_8-gene_140      -          Mn_catalase          PF05067.15   5.1e-68  240.6   0.0   7.9e-68  240.0   0.0   1.3   1   0   0   1   1   1   1 -
MARD_MMP05017772_REFG-scaffold_286-gene_14     -          Mn_catalase          PF05067.15   1.6e-67  239.0   0.0   1.9e-67  238.7   0.0   1.0   1   0   0   1   1   1   1 -
MARD_MMP00028761_REFG-scaffold_15-gene_24      -          Mn_catalase          PF05067.15   2.5e-67  238.3   0.2   4.6e-67  237.4   0.2   1.3   1   1   0   1   1   1   1 -
MARD_MMP04488063_REFG-scaffold_9-gene_968      -          Mn_catalase          PF05067.15   3.9e-66  234.4   0.0   4.5e-66  234.2   0.0   1.0   1   0   0   1   1   1   1 -
MARD_MMP00028761_REFG-scaffold_3-gene_234      -          Mn_catalase          PF05067.15   5.2e-65  230.7   0.6   6.4e-64  227.1   0.6   1.9   1   1   0   1   1   1   1 -
MARD_MMP00008838_REFG-scaffold_69-gene_69      -          Mn_catalase          PF05067.15   9.1e-65  229.9   0.0   1.1e-64  229.7   0.0   1.0   1   0   0   1   1   1   1 -
MARD_MMP00009117_REFG-scaffold_60-gene_290     -          Mn_catalase          PF05067.15   9.1e-65  229.9   0.0   1.1e-64  229.7   0.0   1.0   1   0   0   1   1   1   1 -
TARA_SAMEA4396489_METAG-scaffold_3187-gene_6   -          Mn_catalase          PF05067.15   1.2e-64  229.6   0.0   1.5e-64  229.3   0.0   1.1   1   0   0   1   1   1   1 -
TARA_SAMEA4396515_METAG-scaffold_12017-gene_8  -          Mn_catalase          PF05067.15   1.5e-64  229.2   0.0   1.9e-64  228.9   0.0   1.1   1   0   0   1   1   1   1 -
MARD_MMP09920664_REFG-scaffold_75-gene_15      -          Mn_catalase          PF05067.15   4.4e-64  227.7   0.0   5.2e-64  227.4   0.0   1.0   1   0   0   1   1   1   1 -
MARD_MMP05375008_REFG-scaffold_35-gene_5       -          Mn_catalase          PF05067.15   7.5e-64  226.9   0.0   8.7e-64  226.7   0.0   1.0   1   0   0   1   1   1   1 -
MARD_MMP02470933_REFG-scaffold_11-gene_76      -          Mn_catalase          PF05067.15   1.2e-63  226.2   0.0   1.4e-63  226.1   0.0   1.0   1   0   0   1   1   1   1 -
MARD_MMP09901142_REFG-scaffold_38-gene_122     -          Mn_catalase          PF05067.15   3.1e-63  224.9   0.0   3.5e-63  224.7   0.0   1.0   1   0   0   1   1   1   1 -
MARD_MMP10172232_REFG-scaffold_11-gene_647     -          Mn_catalase          PF05067.15     4e-62  221.2   0.0   4.7e-62  221.0   0.0   1.0   1   0   0   1   1   1   1 -
MARD_MMP00056695_REFG-scaffold_19-gene_158     -          Mn_catalase          PF05067.15   1.8e-61  219.1   0.0   2.3e-61  218.8   0.0   1.1   1   0   0   1   1   1   1 -
MARD_MMP04488125_REFG-scaffold_38-gene_140     -          Mn_catalase          PF05067.15   4.1e-61  217.9   0.0   4.5e-61  217.8   0.0   1.0   1   0   0   1   1   1   1 -
MARD_MMP07249100_REFG-scaffold_1-gene_2512     -          Mn_catalase          PF05067.15   9.5e-61  216.7   0.0   1.1e-60  216.5   0.0   1.0   1   0   0   1   1   1   1 -
MARD_MMP00000547_REFG-scaffold_351-gene_3      -          Mn_catalase          PF05067.15   1.1e-60  216.5   0.0   1.3e-60  216.3   0.0   1.0   1   0   0   1   1   1   1 -
MARD_MMP05504969_REFG-scaffold_2-gene_95       -          Mn_catalase          PF05067.15   2.9e-60  215.1   0.0   9.4e-60  213.5   0.0   1.6   1   1   0   1   1   1   1 -
MARD_MMP08783578_REFG-scaffold_30-gene_41      -          Mn_catalase          PF05067.15   1.9e-59  212.5   0.0   2.1e-59  212.3   0.0   1.0   1   0   0   1   1   1   1 -
MARD_MMP09989089_REFG-scaffold_220-gene_36     -          Mn_catalase          PF05067.15   1.9e-59  212.5   0.0   2.1e-59  212.3   0.0   1.0   1   0   0   1   1   1   1 -
MARD_MMP00000391_REFG-scaffold_19-gene_138     -          Mn_catalase          PF05067.15   2.5e-59  212.1   0.0   2.8e-59  211.9   0.0   1.0   1   0   0   1   1   1   1 -
MARD_MMP00000371_REFG-scaffold_24-gene_13      -          Mn_catalase          PF05067.15   3.3e-59  211.7   0.0   3.7e-59  211.5   0.0   1.0   1   0   0   1   1   1   1 -
MARD_MMP02745912_REFG-scaffold_77-gene_11      -          Mn_catalase          PF05067.15   3.6e-59  211.6   0.5   5.5e-59  211.0   0.5   1.3   1   1   0   1   1   1   1 -
TARA_SAMEA2623385_METAG-scaffold_15257-gene_1  -          Mn_catalase          PF05067.15   1.4e-58  209.6   0.0   2.6e-58  208.8   0.0   1.3   1   1   0   1   1   1   1 -
TARA_SAMEA2623403_METAG-scaffold_734-gene_27   -          Mn_catalase          PF05067.15   1.4e-58  209.6   0.0   2.6e-58  208.8   0.0   1.3   1   1   0   1   1   1   1 -
TARA_SAMEA4397174_METAG-scaffold_293-gene_73   -          Mn_catalase          PF05067.15   1.4e-58  209.6   0.0   2.6e-58  208.8   0.0   1.3   1   1   0   1   1   1   1 -
TARA_SAMEA4397445_METAG-scaffold_91-gene_49    -          Mn_catalase          PF05067.15   1.4e-58  209.6   0.0   2.6e-58  208.8   0.0   1.3   1   1   0   1   1   1   1 -
TARA_SAMEA4397586_METAG-scaffold_66-gene_70    -          Mn_catalase          PF05067.15   1.4e-58  209.6   0.0   2.6e-58  208.8   0.0   1.3   1   1   0   1   1   1   1 -
TARA_SAMEA4398238_METAG-scaffold_40-gene_50    -          Mn_catalase          PF05067.15   1.4e-58  209.6   0.0   2.6e-58  208.8   0.0   1.3   1   1   0   1   1   1   1 -
TARA_SAMEA2622212_METAG-scaffold_81-gene_30    -          Mn_catalase          PF05067.15   1.5e-58  209.5   0.0   2.7e-58  208.7   0.0   1.3   1   1   0   1   1   1   1 -
TARA_SAMEA4398387_METAG-scaffold_103-gene_44   -          Mn_catalase          PF05067.15   1.5e-58  209.5   0.0   2.7e-58  208.7   0.0   1.3   1   1   0   1   1   1   1 -
MARD_MMP02436120_REFG-scaffold_94-gene_66      -          Mn_catalase          PF05067.15   2.4e-58  208.8   0.0   4.2e-58  208.0   0.0   1.3   1   1   0   1   1   1   1 -
TARA_SAMEA4396941_METAG-scaffold_10073-gene_3  -          Mn_catalase          PF05067.15   2.4e-58  208.8   0.0   4.2e-58  208.0   0.0   1.3   1   1   0   1   1   1   1 -
TARA_SAMEA4397118_METAG-scaffold_1001-gene_35  -          Mn_catalase          PF05067.15   2.4e-58  208.8   0.0   4.2e-58  208.0   0.0   1.3   1   1   0   1   1   1   1 -
TARA_SAMEA4397295_METAG-scaffold_2217-gene_4   -          Mn_catalase          PF05067.15   2.4e-58  208.8   0.0   4.2e-58  208.0   0.0   1.3   1   1   0   1   1   1   1 -
TARA_SAMEA4397489_METAG-scaffold_1244-gene_34  -          Mn_catalase          PF05067.15   2.4e-58  208.8   0.0   4.2e-58  208.0   0.0   1.3   1   1   0   1   1   1   1 -
TARA_SAMEA4397536_METAG-scaffold_692-gene_11   -          Mn_catalase          PF05067.15   2.4e-58  208.8   0.0   4.2e-58  208.0   0.0   1.3   1   1   0   1   1   1   1 -
MARD_MMP02745135_REFG-scaffold_91-gene_12      -          Mn_catalase          PF05067.15   3.4e-58  208.4   0.0   9.8e-58  206.8   0.0   1.6   1   1   0   1   1   1   1 -
TARA_PSE00065_METAG-scaffold_584-gene_3        -          Mn_catalase          PF05067.15   4.5e-58  207.9   0.2   7.1e-58  207.3   0.2   1.3   1   1   0   1   1   1   1 -
TARA_SAMEA2621247_METAG-scaffold_268-gene_27   -          Mn_catalase          PF05067.15   4.7e-57  204.6   0.0     1e-56  203.5   0.0   1.5   1   1   0   1   1   1   1 -
TARA_SAMEA4397363_METAG-scaffold_190-gene_33   -          Mn_catalase          PF05067.15   5.2e-57  204.5   0.0   8.5e-57  203.8   0.0   1.3   1   1   0   1   1   1   1 -
MARD_MMP08493996_REFG-scaffold_142-gene_18     -          Mn_catalase          PF05067.15   8.7e-57  203.7   1.2   1.5e-56  202.9   1.2   1.3   1   1   0   1   1   1   1 -
MARD_MMP05660649_REFG-scaffold_36-gene_56      -          Mn_catalase          PF05067.15   3.9e-56  201.6   0.1   6.6e-56  200.8   0.1   1.3   1   1   0   1   1   1   1 -
MARD_MMP02744037_REFG-scaffold_61-gene_3       -          Mn_catalase          PF05067.15   5.1e-56  201.2   0.2   8.7e-56  200.5   0.2   1.3   1   1   0   1   1   1   1 -
MARD_MMP09637267_REFG-scaffold_11-gene_667     -          Mn_catalase          PF05067.15   1.3e-55  199.9   0.0   2.4e-55  199.0   0.0   1.4   1   1   0   1   1   1   1 -
MARD_MMP00018622_REFG-scaffold_44-gene_12      -          Mn_catalase          PF05067.15   3.5e-55  198.5   0.4   9.1e-55  197.1   0.4   1.6   1   1   0   1   1   1   1 -
MARD_MMP02436112_REFG-scaffold_2-gene_1053     -          Mn_catalase          PF05067.15   5.7e-55  197.8   0.0   9.3e-55  197.1   0.0   1.3   1   0   0   1   1   1   1 -
MARD_MMP09389114_REFG-scaffold_3-gene_83       -          Mn_catalase          PF05067.15   2.1e-54  195.9   0.0   2.4e-54  195.7   0.0   1.0   1   0   0   1   1   1   1 -
TARA_PSW00107_METAG-scaffold_898-gene_2        -          Mn_catalase          PF05067.15   7.5e-53  190.8   0.7   8.9e-53  190.6   0.7   1.0   1   0   0   1   1   1   1 -
MARD_MMP02745151_REFG-scaffold_26-gene_37      -          Mn_catalase          PF05067.15     2e-52  189.4   0.8   6.1e-52  187.8   0.8   1.6   1   1   0   1   1   1   1 -
TARA_SAMEA2621242_METAG-scaffold_41-gene_2     -          Mn_catalase          PF05067.15   3.6e-52  188.6   0.0   4.2e-52  188.4   0.0   1.0   1   0   0   1   1   1   1 -
MARD_MMP05660649_REFG-scaffold_17-gene_3       -          Mn_catalase          PF05067.15   2.1e-51  186.0   0.2   4.3e-51  185.1   0.2   1.4   1   1   0   1   1   1   1 -
MARD_MMP09074692_REFG-scaffold_6-gene_147      -          Mn_catalase          PF05067.15   5.2e-51  184.8   0.2   8.3e-51  184.1   0.2   1.3   1   1   0   1   1   1   1 -
MARD_MMP10330925_REFG-scaffold_58-gene_240     -          Mn_catalase          PF05067.15   9.8e-51  183.9   0.2   1.8e-50  183.0   0.2   1.3   1   1   0   1   1   1   1 -
MARD_MMP08493996_REFG-scaffold_169-gene_65     -          Mn_catalase          PF05067.15   1.7e-50  183.1   0.5   5.2e-50  181.5   0.5   1.6   1   1   0   1   1   1   1 -
MARD_MMP02436090_REFG-scaffold_76-gene_4       -          Mn_catalase          PF05067.15   9.8e-49  177.3   0.1   6.9e-48  174.5   0.1   1.8   1   1   0   1   1   1   1 -
MARD_MMP02261341_REFG-scaffold_2-gene_362      -          Mn_catalase          PF05067.15   1.4e-48  176.8   0.1   7.7e-48  174.4   0.1   1.8   1   1   0   1   1   1   1 -
MARD_MMP08470889_REFG-scaffold_68-gene_42      -          Mn_catalase          PF05067.15   1.6e-48  176.6   0.1   1.4e-47  173.5   0.1   1.9   1   1   0   1   1   1   1 -
TARA_SAMEA2620947_METAG-scaffold_1875-gene_9   -          Mn_catalase          PF05067.15   1.2e-47  173.8   0.0   1.4e-47  173.5   0.0   1.0   1   0   0   1   1   1   1 -
MARD_MMP02436091_REFG-scaffold_173-gene_6      -          Mn_catalase          PF05067.15   3.4e-46  169.0   0.2   1.4e-45  167.0   0.2   1.7   1   1   0   1   1   1   1 -
MARD_MMP09580375_REFG-scaffold_65-gene_84      -          Mn_catalase          PF05067.15   1.7e-45  166.7   0.0   2.1e-45  166.4   0.0   1.0   1   0   0   1   1   1   1 -
MARD_MMP04488569_REFG-scaffold_33-gene_6       -          Mn_catalase          PF05067.15   3.5e-44  162.4   0.1     4e-44  162.2   0.1   1.0   1   0   0   1   1   1   1 -
MARD_MMP00000386_REFG-scaffold_36-gene_84      -          Mn_catalase          PF05067.15   1.1e-41  154.2   0.0   1.2e-41  154.0   0.0   1.0   1   0   0   1   1   1   1 -
MARD_MMP10330925_REFG-scaffold_24-gene_3       -          Mn_catalase          PF05067.15   4.7e-41  152.1   1.6     9e-41  151.2   1.6   1.3   1   1   0   1   1   1   1 -
MARD_MMP05444340_REFG-scaffold_35-gene_9       -          Mn_catalase          PF05067.15   1.6e-39  147.1   0.1   3.6e-39  145.9   0.1   1.5   1   1   0   1   1   1   1 -
MARD_MMP02745151_REFG-scaffold_8-gene_107      -          Mn_catalase          PF05067.15   2.6e-39  146.4   0.0   7.4e-39  144.9   0.0   1.6   1   1   0   1   1   1   1 -
MARD_MMP00000371_REFG-scaffold_39-gene_29      -          Mn_catalase          PF05067.15   3.2e-37  139.5   0.4   6.3e-37  138.6   0.4   1.4   1   1   0   1   1   1   1 -
MARD_MMP00000377_REFG-scaffold_52-gene_8       -          Mn_catalase          PF05067.15   1.6e-35  134.0   0.0   1.7e-35  133.9   0.0   1.0   1   0   0   1   1   1   1 -
TARA_SAMEA2621155_METAG-scaffold_44421-gene_2  -          Mn_catalase          PF05067.15   3.3e-35  132.9   0.0   3.7e-35  132.7   0.0   1.0   1   0   0   1   1   1   1 -
MARD_MMP08358016_REFG-scaffold_7-gene_17       -          Mn_catalase          PF05067.15   7.3e-34  128.5   0.1   1.6e-33  127.4   0.1   1.5   1   1   0   1   1   1   1 -
TARA_SAMEA2619974_METAG-scaffold_28391-gene_1  -          Mn_catalase          PF05067.15   2.6e-33  126.7   0.0   3.1e-33  126.4   0.0   1.0   1   0   0   1   1   1   1 -
MARD_MMP00000386_REFG-scaffold_36-gene_75      -          Mn_catalase          PF05067.15   1.8e-32  123.9   0.1   2.1e-32  123.7   0.1   1.0   1   0   0   1   1   1   1 -
MARD_MMP04488569_REFG-scaffold_33-gene_7       -          Mn_catalase          PF05067.15   2.2e-28  110.6   0.0   2.5e-28  110.4   0.0   1.0   1   0   0   1   1   1   1 -
MARD_MMP00000377_REFG-scaffold_52-gene_7       -          Mn_catalase          PF05067.15   7.3e-27  105.5   0.0   8.1e-27  105.4   0.0   1.0   1   0   0   1   1   1   1 -
MARD_MMP05216418_REFG-scaffold_5-gene_337      -          Mn_catalase          PF05067.15     1e-25  101.8   0.0   1.1e-25  101.7   0.0   1.1   1   0   0   1   1   1   1 -
MARD_MMP00000372_REFG-scaffold_3-gene_282      -          Mn_catalase          PF05067.15   1.2e-25  101.6   0.0   1.3e-25  101.5   0.0   1.0   1   0   0   1   1   1   1 -
MARD_MMP05444340_REFG-scaffold_35-gene_8       -          Mn_catalase          PF05067.15   2.6e-25  100.5   0.0   2.9e-25  100.3   0.0   1.0   1   0   0   1   1   1   1 -
MARD_MMP09901140_REFG-scaffold_8-gene_112      -          Mn_catalase          PF05067.15   2.5e-24   97.2   0.0   2.7e-24   97.1   0.0   1.0   1   0   0   1   1   1   1 -
MARD_MMP09901140_REFG-scaffold_11-gene_619     -          Mn_catalase          PF05067.15   4.6e-24   96.4   0.0     5e-24   96.2   0.0   1.0   1   0   0   1   1   1   1 -
MARD_MMP00028761_REFG-scaffold_16-gene_7       -          Mn_catalase          PF05067.15   6.1e-23   92.7   0.1   7.1e-23   92.5   0.1   1.1   1   0   0   1   1   1   1 -
MARD_MMP00000371_REFG-scaffold_39-gene_30      -          Mn_catalase          PF05067.15   1.5e-21   88.1   0.0   1.7e-21   87.9   0.0   1.0   1   0   0   1   1   1   1 -
TARA_SAMEA2620947_METAG-scaffold_1875-gene_10  -          Mn_catalase          PF05067.15   1.6e-21   88.0   0.1   1.9e-21   87.8   0.1   1.0   1   0   0   1   1   1   1 -
MARD_MMP05504940_REFG-scaffold_26-gene_149     -          Mn_catalase          PF05067.15   2.3e-21   87.5   0.0   2.6e-21   87.3   0.0   1.0   1   0   0   1   1   1   1 -
MARD_MMP08944605_REFG-scaffold_4-gene_75       -          Mn_catalase          PF05067.15   2.5e-21   87.4   0.0     3e-21   87.1   0.0   1.1   1   0   0   1   1   1   1 -
TARA_SAMEA2620668_METAG-scaffold_4979-gene_1   -          Mn_catalase          PF05067.15   4.4e-21   86.6   0.0   4.9e-21   86.4   0.0   1.0   1   0   0   1   1   1   1 -
MARD_MMP00000386_REFG-scaffold_36-gene_85      -          Mn_catalase          PF05067.15   4.8e-19   79.9   0.0   5.2e-19   79.8   0.0   1.0   1   0   0   1   1   1   1 -
MARD_MMP09228017_REFG-scaffold_1-gene_44       -          Mn_catalase          PF05067.15     9e-18   75.7   0.1   1.1e-17   75.5   0.1   1.0   1   0   0   1   1   1   1 -
MARD_MMP00000386_REFG-scaffold_36-gene_41      -          Mn_catalase          PF05067.15   2.3e-16   71.1   0.0   2.9e-16   70.8   0.0   1.0   1   0   0   1   1   1   1 -
TARA_SAMEA2621242_METAG-scaffold_41-gene_1     -          Mn_catalase          PF05067.15   9.5e-15   65.8   0.1     1e-14   65.7   0.1   1.0   1   0   0   1   1   1   1 -
MARD_MMP08944605_REFG-scaffold_4-gene_89       -          Mn_catalase          PF05067.15   9.6e-15   65.8   0.0   1.1e-14   65.6   0.0   1.0   1   0   0   1   1   1   1 -
MARD_MMP05660649_REFG-scaffold_8-gene_223      -          Mn_catalase          PF05067.15   6.5e-13   59.8   2.2   6.2e-08   43.4   0.2   2.0   1   1   1   2   2   2   2 -
MARD_MMP00000386_REFG-scaffold_36-gene_74      -          Mn_catalase          PF05067.15   3.2e-12   57.5   0.0   3.6e-12   57.3   0.0   1.0   1   0   0   1   1   1   1 -
TARA_SAMEA2622678_METAG-scaffold_1651-gene_18  -          Mn_catalase          PF05067.15     3e-10   51.0   0.1   4.3e-10   50.5   0.1   1.3   1   0   0   1   1   1   1 -
TARA_SAMEA4397255_METAG-scaffold_409-gene_29   -          Mn_catalase          PF05067.15   1.3e-09   49.0   0.1   5.3e-05   33.8   0.0   2.1   2   0   0   2   2   2   2 -
TARA_SAMEA2621285_METAG-scaffold_12598-gene_3  -          Mn_catalase          PF05067.15   1.9e-09   48.4   0.0   2.3e-09   48.2   0.0   1.0   1   0   0   1   1   1   1 -
MARD_MMP10231959_REFG-scaffold_86-gene_11      -          Mn_catalase          PF05067.15     6e-09   46.8   0.0   6.4e-09   46.7   0.0   1.0   1   0   0   1   1   1   1 -
MARD_MMP00000372_REFG-scaffold_3-gene_283      -          Mn_catalase          PF05067.15   6.7e-08   43.3   0.0   7.1e-08   43.2   0.0   1.0   1   0   0   1   1   1   1 -
MARD_MMP04488098_REFG-scaffold_79-gene_6       -          Mn_catalase          PF05067.15   3.3e-07   41.1   0.0   3.6e-07   40.9   0.0   1.0   1   0   0   1   1   1   1 -
MARD_MMP10330925_REFG-scaffold_48-gene_1       -          Mn_catalase          PF05067.15   1.4e-06   39.0   0.1   1.6e-06   38.8   0.1   1.0   1   0   0   1   1   1   1 -
TARA_SAMEA2621448_METAG-scaffold_151-gene_20   -          Mn_catalase          PF05067.15   3.6e-06   37.7   0.0   3.8e-06   37.6   0.0   1.0   1   0   0   1   1   1   1 -
TARA_SAMEA2619970_METAG-scaffold_1560-gene_3   -          Mn_catalase          PF05067.15   3.9e-06   37.5  12.9        44   14.4   0.1   4.0   1   1   3   4   4   4   3 -
TARA_SAMEA2620097_METAG-scaffold_10929-gene_3  -          Mn_catalase          PF05067.15   8.6e-06   36.4  13.2        66   13.8   0.2   4.0   1   1   3   4   4   4   3 -
MARD_MMP00000547_REFG-scaffold_351-gene_2      -          Mn_catalase          PF05067.15   2.7e-05   34.8   0.0   2.8e-05   34.7   0.0   1.0   1   0   0   1   1   1   1 -
MARD_MMP05421807_REFG-scaffold_27-gene_7       -          Mn_catalase          PF05067.15   0.00034   31.2   0.0   0.00035   31.1   0.0   1.0   1   0   0   1   1   1   1 -
MARD_MMP02745151_REFG-scaffold_8-gene_115      -          Mn_catalase          PF05067.15   0.00096   29.7   0.0    0.0011   29.5   0.0   1.0   1   0   0   1   1   1   1 -
MARD_MMP08358016_REFG-scaffold_23-gene_21      -          Mn_catalase          PF05067.15    0.0021   28.6   0.0    0.0022   28.5   0.0   1.0   1   0   0   1   1   1   1 -
MARD_MMP09901207_REFG-scaffold_67-gene_285     -          Mn_catalase          PF05067.15     0.066   23.7   0.5      0.11   23.0   0.3   1.4   1   1   0   1   1   1   0 -
MARD_MMP05421830_REFG-scaffold_24-gene_84      -          Mn_catalase          PF05067.15       0.1   23.1   0.1      0.16   22.4   0.1   1.4   1   0   0   1   1   1   0 -
TARA_SAMEA2622149_METAG-scaffold_1244-gene_30  -          Mn_catalase          PF05067.15      0.12   22.8   0.2      0.18   22.2   0.2   1.2   1   0   0   1   1   1   0 -
TARA_SAMEA2619970_METAG-scaffold_14904-gene_2  -          Mn_catalase          PF05067.15      0.16   22.4   8.4        65   13.8   1.1   3.6   2   1   2   4   4   4   0 -
MARD_MMP02745165_REFG-scaffold_25-gene_16      -          Mn_catalase          PF05067.15      0.18   22.2   0.6      0.26   21.7   0.6   1.2   1   0   0   1   1   1   0 -
MARD_MMP05421838_REFG-scaffold_1-gene_841      -          Mn_catalase          PF05067.15      0.25   21.7  13.2   3.7e+02   11.4   0.6   4.0   2   1   1   4   4   4   0 -
MARD_MMP10386251_REFG-scaffold_1-gene_1408     -          Mn_catalase          PF05067.15      0.25   21.7   1.0        50   14.2   0.1   2.0   1   1   1   2   2   2   0 -
MARD_MMP05444274_REFG-scaffold_32-gene_381     -          Mn_catalase          PF05067.15      0.38   21.2   0.5      0.75   20.2   0.3   1.5   1   1   1   2   2   1   0 -
TARA_SAMEA2621551_METAG-scaffold_2021-gene_15  -          Mn_catalase          PF05067.15      0.39   21.1   0.2        24   15.3   0.1   2.0   1   1   1   2   2   2   0 -
MARD_MMP05421742_REFG-scaffold_29-gene_74      -          Mn_catalase          PF05067.15       0.5   20.8   1.4       2.1   18.7   0.3   1.9   1   1   0   2   2   2   0 -
MALA_SAMN05421660_METAG-scaffold_259-gene_12   -          Mn_catalase          PF05067.15      0.51   20.7   0.1      0.55   20.6   0.1   1.1   1   0   0   1   1   1   0 -
MALA_SAMN05421699_METAG-scaffold_595-gene_11   -          Mn_catalase          PF05067.15      0.51   20.7   0.1      0.55   20.6   0.1   1.1   1   0   0   1   1   1   0 -
MALA_SAMN05422107_METAG-scaffold_265-gene_12   -          Mn_catalase          PF05067.15      0.51   20.7   0.1      0.55   20.6   0.1   1.1   1   0   0   1   1   1   0 -
MALA_SAMN05422117_METAG-scaffold_606-gene_3    -          Mn_catalase          PF05067.15      0.51   20.7   0.1      0.55   20.6   0.1   1.1   1   0   0   1   1   1   0 -
MALA_SAMN05422122_METAG-scaffold_384-gene_10   -          Mn_catalase          PF05067.15      0.51   20.7   0.1      0.55   20.6   0.1   1.1   1   0   0   1   1   1   0 -
MALA_SAMN05422138_METAG-scaffold_397-gene_12   -          Mn_catalase          PF05067.15      0.51   20.7   0.1      0.55   20.6   0.1   1.1   1   0   0   1   1   1   0 -
MALA_SAMN05422143_METAG-scaffold_244-gene_13   -          Mn_catalase          PF05067.15      0.51   20.7   0.1      0.55   20.6   0.1   1.1   1   0   0   1   1   1   0 -
MALA_SAMN05422149_METAG-scaffold_307-gene_11   -          Mn_catalase          PF05067.15      0.51   20.7   0.1      0.55   20.6   0.1   1.1   1   0   0   1   1   1   0 -
MALA_SAMN05422160_METAG-scaffold_1847-gene_3   -          Mn_catalase          PF05067.15      0.51   20.7   0.1      0.55   20.6   0.1   1.1   1   0   0   1   1   1   0 -
MALA_SAMN05422171_METAG-scaffold_78-gene_31    -          Mn_catalase          PF05067.15      0.51   20.7   0.1      0.55   20.6   0.1   1.1   1   0   0   1   1   1   0 -
MALA_SAMN05422194_METAG-scaffold_461-gene_3    -          Mn_catalase          PF05067.15      0.51   20.7   0.1      0.55   20.6   0.1   1.1   1   0   0   1   1   1   0 -
MALA_SAMN05422195_METAG-scaffold_210-gene_12   -          Mn_catalase          PF05067.15      0.51   20.7   0.1      0.55   20.6   0.1   1.1   1   0   0   1   1   1   0 -
TARA_SAMEA2620666_METAG-scaffold_15806-gene_3  -          Mn_catalase          PF05067.15      0.51   20.7   0.1      0.55   20.6   0.1   1.1   1   0   0   1   1   1   0 -
TARA_SAMEA2621092_METAG-scaffold_1254-gene_13  -          Mn_catalase          PF05067.15      0.51   20.7   0.1      0.55   20.6   0.1   1.1   1   0   0   1   1   1   0 -
TARA_SAMEA2621101_METAG-scaffold_3262-gene_3   -          Mn_catalase          PF05067.15      0.51   20.7   0.1      0.55   20.6   0.1   1.1   1   0   0   1   1   1   0 -
TARA_SAMEA2621232_METAG-scaffold_209-gene_3    -          Mn_catalase          PF05067.15      0.51   20.7   0.1      0.55   20.6   0.1   1.1   1   0   0   1   1   1   0 -
TARA_SAMEA2621242_METAG-scaffold_1941-gene_6   -          Mn_catalase          PF05067.15      0.51   20.7   0.1      0.55   20.6   0.1   1.1   1   0   0   1   1   1   0 -
TARA_SAMEA2622048_METAG-scaffold_1559-gene_11  -          Mn_catalase          PF05067.15      0.51   20.7   0.1      0.55   20.6   0.1   1.1   1   0   0   1   1   1   0 -
TARA_SAMEA2622568_METAG-scaffold_589-gene_13   -          Mn_catalase          PF05067.15      0.51   20.7   0.1      0.55   20.6   0.1   1.1   1   0   0   1   1   1   0 -
TARA_SAMEA2622678_METAG-scaffold_2766-gene_8   -          Mn_catalase          PF05067.15      0.51   20.7   0.1      0.55   20.6   0.1   1.1   1   0   0   1   1   1   0 -
TARA_SAMEA2623155_METAG-scaffold_8277-gene_3   -          Mn_catalase          PF05067.15      0.51   20.7   0.1      0.55   20.6   0.1   1.1   1   0   0   1   1   1   0 -
TARA_SAMEA2623649_METAG-scaffold_1824-gene_6   -          Mn_catalase          PF05067.15      0.51   20.7   0.1      0.55   20.6   0.1   1.1   1   0   0   1   1   1   0 -
MARD_MMP10330925_REFG-scaffold_58-gene_231     -          Mn_catalase          PF05067.15       0.6   20.5   0.0      0.77   20.2   0.0   1.1   1   0   0   1   1   1   0 -
BGEO_SAMN07136727_METAG-scaffold_106-gene_27   -          Mn_catalase          PF05067.15      0.61   20.5   0.0      0.68   20.3   0.0   1.1   1   0   0   1   1   1   0 -
BGEO_SAMN07136799_METAG-scaffold_134-gene_26   -          Mn_catalase          PF05067.15      0.61   20.5   0.0      0.68   20.3   0.0   1.1   1   0   0   1   1   1   0 -
BGEO_SAMN07136825_METAG-scaffold_196-gene_12   -          Mn_catalase          PF05067.15      0.61   20.5   0.0      0.68   20.3   0.0   1.1   1   0   0   1   1   1   0 -
BGEO_SAMN07136900_METAG-scaffold_268-gene_13   -          Mn_catalase          PF05067.15      0.61   20.5   0.0      0.68   20.3   0.0   1.1   1   0   0   1   1   1   0 -
MALA_SAMN05421706_METAG-scaffold_450-gene_12   -          Mn_catalase          PF05067.15      0.61   20.5   0.0      0.68   20.3   0.0   1.1   1   0   0   1   1   1   0 -
MALA_SAMN05421901_METAG-scaffold_127-gene_27   -          Mn_catalase          PF05067.15      0.61   20.5   0.0      0.68   20.3   0.0   1.1   1   0   0   1   1   1   0 -
MALA_SAMN05422111_METAG-scaffold_143-gene_12   -          Mn_catalase          PF05067.15      0.61   20.5   0.0      0.68   20.3   0.0   1.1   1   0   0   1   1   1   0 -
MALA_SAMN05422128_METAG-scaffold_357-gene_5    -          Mn_catalase          PF05067.15      0.61   20.5   0.0      0.68   20.3   0.0   1.1   1   0   0   1   1   1   0 -
MALA_SAMN05422148_METAG-scaffold_194-gene_28   -          Mn_catalase          PF05067.15      0.61   20.5   0.0      0.68   20.3   0.0   1.1   1   0   0   1   1   1   0 -
MALA_SAMN05422152_METAG-scaffold_9533-gene_2   -          Mn_catalase          PF05067.15      0.61   20.5   0.0      0.68   20.3   0.0   1.1   1   0   0   1   1   1   0 -
MALA_SAMN05422163_METAG-scaffold_1710-gene_3   -          Mn_catalase          PF05067.15      0.61   20.5   0.0      0.68   20.3   0.0   1.1   1   0   0   1   1   1   0 -
MALA_SAMN05422166_METAG-scaffold_324-gene_12   -          Mn_catalase          PF05067.15      0.61   20.5   0.0      0.68   20.3   0.0   1.1   1   0   0   1   1   1   0 -
MALA_SAMN05422192_METAG-scaffold_85-gene_11    -          Mn_catalase          PF05067.15      0.61   20.5   0.0      0.68   20.3   0.0   1.1   1   0   0   1   1   1   0 -
MALA_SAMN05422226_METAG-scaffold_108-gene_11   -          Mn_catalase          PF05067.15      0.61   20.5   0.0      0.68   20.3   0.0   1.1   1   0   0   1   1   1   0 -
MARD_MMP02745161_REFG-scaffold_7-gene_393      -          Mn_catalase          PF05067.15       0.7   20.3   0.2       1.7   19.0   0.1   1.5   1   1   1   2   2   1   0 -
TARA_SAMEA4397255_METAG-scaffold_9635-gene_4   -          Mn_catalase          PF05067.15      0.86   20.0   0.1   2.8e+02   11.8   0.0   2.0   2   0   0   2   2   2   0 -
MARD_MMP04488063_REFG-scaffold_5-gene_218      -          Mn_catalase          PF05067.15       0.9   19.9   1.1       6.2   17.2   0.2   1.9   1   1   1   2   2   2   0 -
MARD_MMP00039863_REFG-scaffold_6-gene_266      -          Mn_catalase          PF05067.15      0.98   19.8   0.1       1.2   19.5   0.1   1.2   1   0   0   1   1   1   0 -
TARA_SAMEA2623426_METAG-scaffold_25665-gene_6  -          Mn_catalase          PF05067.15         1   19.8   0.1       1.4   19.3   0.1   1.2   1   0   0   1   1   1   0 -
TARA_SAMEA2623314_METAG-scaffold_21358-gene_3  -          Mn_catalase          PF05067.15         1   19.8  10.8   7.6e+02   10.3   0.1   3.8   1   1   2   4   4   3   0 -
TARA_SAMEA2622796_METAG-scaffold_3823-gene_5   -          Mn_catalase          PF05067.15         1   19.8   0.1       1.2   19.6   0.1   1.0   1   0   0   1   1   1   0 -
MARD_MMP09433089_REFG-scaffold_4-gene_114      -          Mn_catalase          PF05067.15       1.1   19.6   0.1   8.4e+02   10.2   0.1   2.0   2   0   0   2   2   2   0 -
TARA_SAMEA4397174_METAG-scaffold_66719-gene_1  -          Mn_catalase          PF05067.15       1.2   19.5   0.1   2.9e+02   11.7   0.0   2.0   1   1   1   2   2   2   0 -
TARA_SAMEA4398219_METAG-scaffold_3880-gene_5   -          Mn_catalase          PF05067.15       1.2   19.5   0.2   8.1e+02   10.2   0.0   2.0   2   0   0   2   2   2   0 -
TARA_SAMEA2619907_METAG-scaffold_1163-gene_8   -          Mn_catalase          PF05067.15       1.5   19.2   0.0       2.5   18.5   0.0   1.2   1   0   0   1   1   1   0 -
TARA_SAMEA2619840_METAG-scaffold_1297-gene_23  -          Mn_catalase          PF05067.15       1.5   19.2   0.0       2.5   18.5   0.0   1.2   1   0   0   1   1   1   0 -
MARD_MMP03288802_REFG-scaffold_9-gene_80       -          Mn_catalase          PF05067.15       1.7   19.0   0.1       1.9   18.9   0.1   1.0   1   0   0   1   1   1   0 -
GORG_AG457B16_SAGS-scaffold_2-gene_51          -          Mn_catalase          PF05067.15       1.8   19.0   0.0       3.3   18.1   0.0   1.4   1   0   0   1   1   1   0 -
TARA_SAMEA2620815_METAG-scaffold_2483-gene_3   -          Mn_catalase          PF05067.15         2   18.8   0.0       2.2   18.7   0.0   1.2   1   0   0   1   1   1   0 -
TARA_SAMEA4397409_METAG-scaffold_2993-gene_2   -          Mn_catalase          PF05067.15       2.1   18.7   0.0       4.5   17.6   0.0   1.4   1   0   0   1   1   1   0 -
TARA_SAMEA2622652_METAG-scaffold_20241-gene_1  -          Mn_catalase          PF05067.15       2.2   18.6   0.2       3.8   17.9   0.2   1.3   1   0   0   1   1   1   0 -
MARD_MMP05660836_REFG-scaffold_9-gene_9        -          Mn_catalase          PF05067.15       2.3   18.6   0.2       2.4   18.5   0.2   1.0   1   0   0   1   1   1   0 -
TARA_SAMEA4398432_METAG-scaffold_4801-gene_10  -          Mn_catalase          PF05067.15       2.4   18.5   0.0       5.1   17.5   0.0   1.4   1   0   0   1   1   1   0 -
MARD_MMP00018622_REFG-scaffold_62-gene_14      -          Mn_catalase          PF05067.15       2.7   18.4   0.1       2.9   18.3   0.1   1.0   1   0   0   1   1   1   0 -
TARA_SAMEA2621551_METAG-scaffold_269-gene_18   -          Mn_catalase          PF05067.15       2.7   18.4   0.0       3.1   18.2   0.0   1.2   1   0   0   1   1   1   0 -
TARA_SAMEA2621551_METAG-scaffold_17193-gene_3  -          Mn_catalase          PF05067.15       2.8   18.3   0.1     2e+02   12.3   0.0   2.0   1   1   1   2   2   2   0 -
MALA_SAMN05422117_METAG-scaffold_7744-gene_2   -          Mn_catalase          PF05067.15       2.8   18.3   0.0       3.2   18.1   0.0   1.2   1   0   0   1   1   1   0 -
TARA_SAMEA2621092_METAG-scaffold_6711-gene_4   -          Mn_catalase          PF05067.15       2.8   18.3   0.0       3.2   18.1   0.0   1.2   1   0   0   1   1   1   0 -
TARA_SAMEA2621101_METAG-scaffold_2238-gene_8   -          Mn_catalase          PF05067.15       2.8   18.3   0.0       3.2   18.1   0.0   1.2   1   0   0   1   1   1   0 -
TARA_SAMEA2622823_METAG-scaffold_5264-gene_9   -          Mn_catalase          PF05067.15       2.9   18.2   0.0       3.7   17.9   0.0   1.1   1   0   0   1   1   1   0 -
TARA_SAMEA2622837_METAG-scaffold_1592-gene_28  -          Mn_catalase          PF05067.15       2.9   18.2   0.0       3.7   17.9   0.0   1.1   1   0   0   1   1   1   0 -
TARA_SAMEA2619907_METAG-scaffold_48834-gene_2  -          Mn_catalase          PF05067.15       2.9   18.2   0.0       3.7   17.9   0.0   1.1   1   0   0   1   1   1   0 -
TARA_SAMEA2620995_METAG-scaffold_4457-gene_6   -          Mn_catalase          PF05067.15         3   18.2   0.0       3.3   18.1   0.0   1.2   1   0   0   1   1   1   0 -
TARA_SAMEA2621003_METAG-scaffold_2394-gene_5   -          Mn_catalase          PF05067.15         3   18.2   0.0       3.3   18.1   0.0   1.2   1   0   0   1   1   1   0 -
TARA_SAMEA2621232_METAG-scaffold_1970-gene_13  -          Mn_catalase          PF05067.15         3   18.2   0.0       3.3   18.1   0.0   1.2   1   0   0   1   1   1   0 -
TARA_SAMEA2621242_METAG-scaffold_3631-gene_4   -          Mn_catalase          PF05067.15         3   18.2   0.0       3.3   18.1   0.0   1.2   1   0   0   1   1   1   0 -
TARA_SAMEA2621287_METAG-scaffold_1154-gene_11  -          Mn_catalase          PF05067.15         3   18.2   0.0       3.3   18.1   0.0   1.2   1   0   0   1   1   1   0 -
TARA_SAMEA2621295_METAG-scaffold_4520-gene_3   -          Mn_catalase          PF05067.15         3   18.2   0.0       3.3   18.1   0.0   1.2   1   0   0   1   1   1   0 -
TARA_SAMEA2622568_METAG-scaffold_788-gene_11   -          Mn_catalase          PF05067.15         3   18.2   0.0       3.3   18.1   0.0   1.2   1   0   0   1   1   1   0 -
TARA_SAMEA2623098_METAG-scaffold_13826-gene_1  -          Mn_catalase          PF05067.15         3   18.2   0.0       3.3   18.1   0.0   1.2   1   0   0   1   1   1   0 -
TARA_SAMEA2623649_METAG-scaffold_158-gene_48   -          Mn_catalase          PF05067.15         3   18.2   0.0       3.3   18.1   0.0   1.2   1   0   0   1   1   1   0 -
MARD_MMP04011897_REFG-scaffold_13-gene_77      -          Mn_catalase          PF05067.15       3.1   18.2   0.5       6.4   17.1   0.2   1.5   1   1   0   1   1   1   0 -
MARD_MMP05216170_REFG-scaffold_3-gene_467      -          Mn_catalase          PF05067.15       3.1   18.2   0.5       6.4   17.1   0.2   1.5   1   1   0   1   1   1   0 -
MARD_MMP02471641_REFG-scaffold_11-gene_202     -          Mn_catalase          PF05067.15       3.1   18.2   0.9        44   14.4   0.1   2.0   1   1   1   2   2   2   0 -
MARD_MMP05421830_REFG-scaffold_35-gene_16      -          Mn_catalase          PF05067.15       3.2   18.1   0.9       5.3   17.4   0.7   1.4   1   1   0   1   1   1   0 -
HOTS_SAMN07137009_METAG-scaffold_16-gene_65    -          Mn_catalase          PF05067.15       3.2   18.1   1.3   6.4e+02   10.6   0.2   2.0   1   1   0   2   2   2   0 -
HOTS_SAMN07137059_METAG-scaffold_10-gene_109   -          Mn_catalase          PF05067.15       3.2   18.1   1.3   6.4e+02   10.6   0.2   2.0   1   1   0   2   2   2   0 -
TARA_PSW00037_METAG-scaffold_9-gene_16         -          Mn_catalase          PF05067.15       3.3   18.1   0.1       5.1   17.5   0.1   1.3   1   0   0   1   1   1   0 -
TARA_PSE00054_METAG-scaffold_168-gene_1        -          Mn_catalase          PF05067.15       3.3   18.1   0.1       5.2   17.4   0.1   1.3   1   0   0   1   1   1   0 -
MARD_MMP08372522_REFG-scaffold_11-gene_74      -          Mn_catalase          PF05067.15       3.4   18.0   0.6   3.3e+02   11.5   0.1   2.1   1   1   1   2   2   2   0 -
MARD_MMP05660830_REFG-scaffold_15-gene_397     -          Mn_catalase          PF05067.15       3.5   18.0   0.5       6.3   17.2   0.4   1.5   1   1   1   2   2   1   0 -
TARA_SAMEA4397295_METAG-scaffold_27691-gene_7  -          Mn_catalase          PF05067.15       3.6   18.0   0.0       7.5   16.9   0.0   1.4   1   0   0   1   1   1   0 -
MARD_MMP02469886_SAGS-scaffold_43-gene_2       -          Mn_catalase          PF05067.15       3.9   17.9  12.1   9.4e+02   10.0   0.5   4.0   1   1   2   4   4   4   0 -
MARD_MMP09522134_REFG-scaffold_29-gene_26      -          Mn_catalase          PF05067.15         4   17.8   0.0         4   17.8   0.0   1.1   1   0   0   1   1   1   0 -
TARA_SAMEA4398238_METAG-scaffold_3282-gene_4   -          Mn_catalase          PF05067.15       4.1   17.8   0.0       8.2   16.8   0.0   1.4   1   0   0   1   1   1   0 -
TARA_SAMEA4397355_METAG-scaffold_31236-gene_2  -          Mn_catalase          PF05067.15       4.1   17.8   0.1        36   14.7   0.0   1.9   1   1   1   2   2   2   0 -
MARD_MMP04487947_REFG-scaffold_7-gene_357      -          Mn_catalase          PF05067.15       4.2   17.7   0.9        11   16.3   0.3   1.7   1   1   0   2   2   1   0 -
MARD_MMP04488124_REFG-scaffold_8-gene_351      -          Mn_catalase          PF05067.15       4.2   17.7   0.4        38   14.6   0.1   1.9   1   1   0   2   2   2   0 -
MARD_MMP02738432_REFG-scaffold_73-gene_4       -          Mn_catalase          PF05067.15       4.5   17.7   0.1       4.8   17.5   0.1   1.0   1   0   0   1   1   1   0 -
MARD_MMP05725119_REFG-scaffold_269-gene_19     -          Mn_catalase          PF05067.15       4.5   17.6   0.3       8.8   16.7   0.1   1.5   1   1   1   2   2   1   0 -
MARD_MMP02643424_REFG-scaffold_7-gene_94       -          Mn_catalase          PF05067.15       4.5   17.6   1.2        18   15.7   0.2   1.9   1   1   1   2   2   2   0 -
TARA_SAMEA2623390_METAG-scaffold_438-gene_23   -          Mn_catalase          PF05067.15       5.4   17.4   0.0       6.2   17.2   0.0   1.2   1   0   0   1   1   1   0 -
MARD_MMP00000472_REFG-scaffold_4-gene_8        -          Mn_catalase          PF05067.15       5.5   17.4   0.6        10   16.4   0.3   1.6   1   1   0   1   1   1   0 -
TARA_SAMEA2621222_METAG-scaffold_32684-gene_2  -          Mn_catalase          PF05067.15       5.5   17.4   0.0         7   17.0   0.0   1.2   1   0   0   1   1   1   0 -
TARA_SAMEA2619970_METAG-scaffold_16864-gene_3  -          Mn_catalase          PF05067.15       5.7   17.3   0.4        64   13.9   0.1   2.2   2   1   0   2   2   2   0 -
TARA_SAMEA2620035_METAG-scaffold_9368-gene_3   -          Mn_catalase          PF05067.15       5.7   17.3   0.4        64   13.9   0.1   2.2   2   1   0   2   2   2   0 -
TARA_SAMEA2620097_METAG-scaffold_11832-gene_3  -          Mn_catalase          PF05067.15       5.7   17.3   0.4        64   13.9   0.1   2.2   2   1   0   2   2   2   0 -
TARA_SAMEA2621277_METAG-scaffold_43682-gene_1  -          Mn_catalase          PF05067.15       5.7   17.3   0.0       9.2   16.6   0.0   1.3   1   0   0   1   1   1   0 -
MARD_MMP04488691_REFG-scaffold_13-gene_186     -          Mn_catalase          PF05067.15       5.9   17.3   0.9        81   13.5   0.1   2.0   1   1   1   2   2   2   0 -
TARA_SAMEA2619970_METAG-scaffold_2-gene_69     -          Mn_catalase          PF05067.15         6   17.2   0.0       6.9   17.0   0.0   1.2   1   0   0   1   1   1   0 -
MARD_MMP07327725_REFG-scaffold_45-gene_17      -          Mn_catalase          PF05067.15       6.2   17.2   0.3       8.2   16.8   0.3   1.1   1   0   0   1   1   1   0 -
TARA_SAMEA2623649_METAG-scaffold_18985-gene_2  -          Mn_catalase          PF05067.15       6.3   17.2   0.0       7.7   16.9   0.0   1.2   1   0   0   1   1   1   0 -
MARD_MMP3138989_REFG-scaffold_7-gene_712       -          Mn_catalase          PF05067.15       6.7   17.1   0.2         9   16.7   0.2   1.1   1   0   0   1   1   1   0 -
MARD_MMP07327771_REFG-scaffold_18-gene_123     -          Mn_catalase          PF05067.15       6.7   17.1   0.2         9   16.7   0.2   1.1   1   0   0   1   1   1   0 -
MARD_MMP04488098_REFG-scaffold_79-gene_7       -          Mn_catalase          PF05067.15         7   17.0   0.0       7.4   16.9   0.0   1.0   1   0   0   1   1   1   0 -
TARA_SAMEA2619950_METAG-scaffold_1284-gene_6   -          Mn_catalase          PF05067.15       7.4   16.9   0.0        10   16.5   0.0   1.2   1   0   0   1   1   1   0 -
TARA_SAMEA2623403_METAG-scaffold_8527-gene_3   -          Mn_catalase          PF05067.15       7.4   16.9   0.0        10   16.5   0.0   1.2   1   0   0   1   1   1   0 -
MARD_MMP09702118_REFG-scaffold_1-gene_1576     -          Mn_catalase          PF05067.15       7.5   16.9   0.3        17   15.8   0.1   1.5   1   1   1   2   2   1   0 -
TARA_SAMEA4396941_METAG-scaffold_274-gene_87   -          Mn_catalase          PF05067.15       7.9   16.8   0.0        18   15.7   0.0   1.6   1   1   0   1   1   1   0 -
MARD_MMP05216277_REFG-scaffold_18-gene_524     -          Mn_catalase          PF05067.15         8   16.8   0.1   1.1e+03    9.8   0.0   2.0   2   0   0   2   2   2   0 -
TARA_SAMEA4397586_METAG-scaffold_581-gene_18   -          Mn_catalase          PF05067.15       8.3   16.8   0.3       8.3   16.8   0.3   2.1   3   0   0   3   3   1   0 -
TARA_SAMEA4397174_METAG-scaffold_4210-gene_4   -          Mn_catalase          PF05067.15       8.6   16.7   0.3        71   13.7   0.1   1.9   2   0   0   2   2   2   0 -
TARA_SAMEA4397489_METAG-scaffold_7173-gene_14  -          Mn_catalase          PF05067.15       8.6   16.7   0.3        71   13.7   0.1   1.9   2   0   0   2   2   2   0 -
MARD_MMP02745781_REFG-scaffold_20-gene_12      -          Mn_catalase          PF05067.15       8.6   16.7   0.2        13   16.2   0.2   1.2   1   0   0   1   1   1   0 -
MARD_MMP04318426_REFG-scaffold_34-gene_51      -          Mn_catalase          PF05067.15       8.9   16.7   0.3        27   15.1   0.1   1.7   1   1   1   2   2   1   0 -
TARA_SAMEA4397295_METAG-scaffold_588-gene_30   -          Mn_catalase          PF05067.15       9.1   16.6   0.2        84   13.5   0.1   1.9   2   0   0   2   2   2   0 -
TARA_SAMEA4397363_METAG-scaffold_2953-gene_4   -          Mn_catalase          PF05067.15       9.1   16.6   0.2        84   13.5   0.1   1.9   2   0   0   2   2   2   0 -
TARA_SAMEA4398387_METAG-scaffold_840-gene_48   -          Mn_catalase          PF05067.15       9.1   16.6   0.2        84   13.5   0.1   1.9   2   0   0   2   2   2   0 -
MARD_MMP02745164_REFG-scaffold_55-gene_48      -          Mn_catalase          PF05067.15       9.2   16.6   0.7        10   16.5   0.7   1.1   1   0   0   1   1   1   0 -
TARA_SAMEA2623314_METAG-scaffold_501-gene_21   -          Mn_catalase          PF05067.15       9.3   16.6   0.0        11   16.4   0.0   1.2   1   0   0   1   1   1   0 -
MARD_MMP09901142_REFG-scaffold_23-gene_93      -          Mn_catalase          PF05067.15       9.3   16.6   0.0        10   16.4   0.0   1.1   1   0   0   1   1   1   0 -
TARA_PON00068_METAG-scaffold_289-gene_5        -          Mn_catalase          PF05067.15       9.5   16.6   0.1        16   15.8   0.1   1.3   1   1   0   1   1   1   0 -
TARA_SAMEA2621551_METAG-scaffold_1348-gene_19  -          Mn_catalase          PF05067.15       9.6   16.6   0.4        35   14.7   0.1   1.8   1   1   1   2   2   2   0 -
TARA_SAMEA4397255_METAG-scaffold_1369-gene_13  -          Mn_catalase          PF05067.15       9.7   16.5   0.3        84   13.5   0.1   1.9   2   0   0   2   2   2   0 -
#
# Program:         hmmsearch
# Version:         3.1b2 (February 2015)
# Pipeline mode:   SEARCH
# Query file:      CatMn.hmm
# Target file:     ../../DOSTraits/genes-redundant.faa
# Option settings: hmmsearch --tblout CatMn.out --noali --cpu 10 CatMn.hmm ../../DOSTraits/genes-redundant.faa 
# Current dir:     /nfs/pool002/users/demers/digitalorganisms/catalase
# Date:            Mon Jun 10 00:50:41 2024
# [ok]
